<?xml version="1.0" encoding="UTF-8"?>
<!-- Generated by org.testng.reporters.JUnitXMLReporter -->
<testsuite hostname="89bfaa340f54" ignored="0" name="FIREFOX-WEB-FILTERMORERESULTS-BY-STATUS" tests="3" failures="0" timestamp="02 Dec 2019 21:32:45 GMT" time="100.391" errors="0">
  <testcase name="filterResultsByPendingStatus" time="22.176" classname="webTests.FilterMoreResultsByStatus"/>
  <testcase name="filterResultsBySoldStatus" time="20.553" classname="webTests.FilterMoreResultsByStatus"/>
  <testcase name="filterResultsByForSaleStatus" time="20.377" classname="webTests.FilterMoreResultsByStatus"/>
</testsuite> <!-- FIREFOX-WEB-FILTERMORERESULTS-BY-STATUS -->
