<?xml version="1.0" encoding="UTF-8"?>
<!-- Generated by org.testng.reporters.JUnitXMLReporter -->
<testsuite hostname="89bfaa340f54" ignored="0" name="FIREFOX-WEB-SORTRESULTS-BY-PRICEBEDBATH" tests="4" failures="0" timestamp="02 Dec 2019 21:32:45 GMT" time="131.882" errors="0">
  <testcase name="sortResultsByBaths" time="23.57" classname="webTests.SortResultsByPriceBedBath"/>
  <testcase name="sortResultsByBeds" time="22.0" classname="webTests.SortResultsByPriceBedBath"/>
  <testcase name="sortResultsByMostRecent" time="21.307" classname="webTests.SortResultsByPriceBedBath"/>
  <testcase name="sortResultsByPrice" time="20.21" classname="webTests.SortResultsByPriceBedBath"/>
</testsuite> <!-- FIREFOX-WEB-SORTRESULTS-BY-PRICEBEDBATH -->
