<?xml version="1.0" encoding="UTF-8"?>
<!-- Generated by org.testng.reporters.JUnitXMLReporter -->
<testsuite hostname="89bfaa340f54" ignored="0" name="FIREFOX-WEB-FILTERRESULTS-BY-PRICEBEDBATH" tests="3" failures="0" timestamp="02 Dec 2019 21:32:52 GMT" time="92.234" errors="0">
  <testcase name="filterResultsByBeds" time="12.651" classname="webTests.FilterResultsByPriceBedBath"/>
  <testcase name="filterResultsByPrice" time="27.075" classname="webTests.FilterResultsByPriceBedBath"/>
  <testcase name="filterResultsBybaths" time="11.625" classname="webTests.FilterResultsByPriceBedBath"/>
</testsuite> <!-- FIREFOX-WEB-FILTERRESULTS-BY-PRICEBEDBATH -->
