<?xml version="1.0" encoding="UTF-8"?>
<testng-results skipped="0" failed="0" ignored="0" total="16" passed="16">
  <reporter-output>
  </reporter-output>
  <suite name="CHROME-WEB-TESTS" duration-ms="118913" started-at="2019-12-02T21:30:33Z" finished-at="2019-12-02T21:32:32Z">
    <groups>
      <group name="regression">
        <method signature="Login_and_Search.loginSearch(java.lang.String, java.lang.String, java.lang.String)[pri:0, instance:webTests.Login_and_Search@3e58a80e]" name="loginSearch" class="webTests.Login_and_Search"/>
        <method signature="SearchforSpecificProperty.searchSpecificProperty(java.lang.String)[pri:0, instance:webTests.SearchforSpecificProperty@478190fc]" name="searchSpecificProperty" class="webTests.SearchforSpecificProperty"/>
        <method signature="SortResultsByPriceBedBath.sortResultsByBaths(java.lang.String)[pri:0, instance:webTests.SortResultsByPriceBedBath@564fabc8]" name="sortResultsByBaths" class="webTests.SortResultsByPriceBedBath"/>
        <method signature="SortResultsByPriceBedBath.sortResultsByBeds(java.lang.String)[pri:0, instance:webTests.SortResultsByPriceBedBath@564fabc8]" name="sortResultsByBeds" class="webTests.SortResultsByPriceBedBath"/>
        <method signature="SortResultsByPriceBedBath.sortResultsByMostRecent(java.lang.String)[pri:0, instance:webTests.SortResultsByPriceBedBath@564fabc8]" name="sortResultsByMostRecent" class="webTests.SortResultsByPriceBedBath"/>
        <method signature="SortResultsByPriceBedBath.sortResultsByPrice(java.lang.String)[pri:0, instance:webTests.SortResultsByPriceBedBath@564fabc8]" name="sortResultsByPrice" class="webTests.SortResultsByPriceBedBath"/>
        <method signature="FilterMoreResultsByKeyword.filterResultsByKeyword(java.lang.String, java.lang.String)[pri:0, instance:webTests.FilterMoreResultsByKeyword@74fe5c40]" name="filterResultsByKeyword" class="webTests.FilterMoreResultsByKeyword"/>
        <method signature="FilterMoreResultsByPropertyType.filterResultsByPropertyTypeLand(java.lang.String)[pri:0, instance:webTests.FilterMoreResultsByPropertyType@2b662a77]" name="filterResultsByPropertyTypeLand" class="webTests.FilterMoreResultsByPropertyType"/>
        <method signature="FilterMoreResultsBySquareFeet.filterResultsBySqFeet(java.lang.String, java.lang.String, java.lang.String)[pri:0, instance:webTests.FilterMoreResultsBySquareFeet@4ec4f3a0]" name="filterResultsBySqFeet" class="webTests.FilterMoreResultsBySquareFeet"/>
        <method signature="FilterMoreResultsByStatus.filterResultsByForSaleStatus(java.lang.String)[pri:3, instance:webTests.FilterMoreResultsByStatus@59662a0b]" name="filterResultsByForSaleStatus" class="webTests.FilterMoreResultsByStatus"/>
        <method signature="FilterMoreResultsByStatus.filterResultsByPendingStatus(java.lang.String)[pri:1, instance:webTests.FilterMoreResultsByStatus@59662a0b]" name="filterResultsByPendingStatus" class="webTests.FilterMoreResultsByStatus"/>
        <method signature="FilterMoreResultsByStatus.filterResultsBySoldStatus(java.lang.String)[pri:2, instance:webTests.FilterMoreResultsByStatus@59662a0b]" name="filterResultsBySoldStatus" class="webTests.FilterMoreResultsByStatus"/>
        <method signature="FilterMoreResultsByYear.filterResultsByYear(java.lang.String, java.lang.String, java.lang.String)[pri:0, instance:webTests.FilterMoreResultsByYear@747ddf94]" name="filterResultsByYear" class="webTests.FilterMoreResultsByYear"/>
        <method signature="FilterResultsByPriceBedBath.filterResultsByBeds(java.lang.String, java.lang.String)[pri:0, instance:webTests.FilterResultsByPriceBedBath@130d63be]" name="filterResultsByBeds" class="webTests.FilterResultsByPriceBedBath"/>
        <method signature="FilterResultsByPriceBedBath.filterResultsByPrice(java.lang.String, java.lang.String, java.lang.String)[pri:0, instance:webTests.FilterResultsByPriceBedBath@130d63be]" name="filterResultsByPrice" class="webTests.FilterResultsByPriceBedBath"/>
        <method signature="FilterResultsByPriceBedBath.filterResultsBybaths(java.lang.String, java.lang.String)[pri:0, instance:webTests.FilterResultsByPriceBedBath@130d63be]" name="filterResultsBybaths" class="webTests.FilterResultsByPriceBedBath"/>
      </group> <!-- regression -->
      <group name="smoke">
        <method signature="Login_and_Search.loginSearch(java.lang.String, java.lang.String, java.lang.String)[pri:0, instance:webTests.Login_and_Search@3e58a80e]" name="loginSearch" class="webTests.Login_and_Search"/>
        <method signature="SearchforSpecificProperty.searchSpecificProperty(java.lang.String)[pri:0, instance:webTests.SearchforSpecificProperty@478190fc]" name="searchSpecificProperty" class="webTests.SearchforSpecificProperty"/>
        <method signature="SortResultsByPriceBedBath.sortResultsByBaths(java.lang.String)[pri:0, instance:webTests.SortResultsByPriceBedBath@564fabc8]" name="sortResultsByBaths" class="webTests.SortResultsByPriceBedBath"/>
        <method signature="SortResultsByPriceBedBath.sortResultsByBeds(java.lang.String)[pri:0, instance:webTests.SortResultsByPriceBedBath@564fabc8]" name="sortResultsByBeds" class="webTests.SortResultsByPriceBedBath"/>
        <method signature="SortResultsByPriceBedBath.sortResultsByMostRecent(java.lang.String)[pri:0, instance:webTests.SortResultsByPriceBedBath@564fabc8]" name="sortResultsByMostRecent" class="webTests.SortResultsByPriceBedBath"/>
        <method signature="SortResultsByPriceBedBath.sortResultsByPrice(java.lang.String)[pri:0, instance:webTests.SortResultsByPriceBedBath@564fabc8]" name="sortResultsByPrice" class="webTests.SortResultsByPriceBedBath"/>
        <method signature="FilterMoreResultsByKeyword.filterResultsByKeyword(java.lang.String, java.lang.String)[pri:0, instance:webTests.FilterMoreResultsByKeyword@74fe5c40]" name="filterResultsByKeyword" class="webTests.FilterMoreResultsByKeyword"/>
        <method signature="FilterMoreResultsByPropertyType.filterResultsByPropertyTypeLand(java.lang.String)[pri:0, instance:webTests.FilterMoreResultsByPropertyType@2b662a77]" name="filterResultsByPropertyTypeLand" class="webTests.FilterMoreResultsByPropertyType"/>
        <method signature="FilterMoreResultsBySquareFeet.filterResultsBySqFeet(java.lang.String, java.lang.String, java.lang.String)[pri:0, instance:webTests.FilterMoreResultsBySquareFeet@4ec4f3a0]" name="filterResultsBySqFeet" class="webTests.FilterMoreResultsBySquareFeet"/>
        <method signature="FilterMoreResultsByStatus.filterResultsByForSaleStatus(java.lang.String)[pri:3, instance:webTests.FilterMoreResultsByStatus@59662a0b]" name="filterResultsByForSaleStatus" class="webTests.FilterMoreResultsByStatus"/>
        <method signature="FilterMoreResultsByStatus.filterResultsByPendingStatus(java.lang.String)[pri:1, instance:webTests.FilterMoreResultsByStatus@59662a0b]" name="filterResultsByPendingStatus" class="webTests.FilterMoreResultsByStatus"/>
        <method signature="FilterMoreResultsByStatus.filterResultsBySoldStatus(java.lang.String)[pri:2, instance:webTests.FilterMoreResultsByStatus@59662a0b]" name="filterResultsBySoldStatus" class="webTests.FilterMoreResultsByStatus"/>
        <method signature="FilterMoreResultsByYear.filterResultsByYear(java.lang.String, java.lang.String, java.lang.String)[pri:0, instance:webTests.FilterMoreResultsByYear@747ddf94]" name="filterResultsByYear" class="webTests.FilterMoreResultsByYear"/>
        <method signature="FilterResultsByPriceBedBath.filterResultsByBeds(java.lang.String, java.lang.String)[pri:0, instance:webTests.FilterResultsByPriceBedBath@130d63be]" name="filterResultsByBeds" class="webTests.FilterResultsByPriceBedBath"/>
        <method signature="FilterResultsByPriceBedBath.filterResultsByPrice(java.lang.String, java.lang.String, java.lang.String)[pri:0, instance:webTests.FilterResultsByPriceBedBath@130d63be]" name="filterResultsByPrice" class="webTests.FilterResultsByPriceBedBath"/>
        <method signature="FilterResultsByPriceBedBath.filterResultsBybaths(java.lang.String, java.lang.String)[pri:0, instance:webTests.FilterResultsByPriceBedBath@130d63be]" name="filterResultsBybaths" class="webTests.FilterResultsByPriceBedBath"/>
      </group> <!-- smoke -->
    </groups>
    <test name="CHROME-WEB-SEARCH-SPECIFIC-PROPERTY" duration-ms="14883" started-at="2019-12-02T21:30:33Z" finished-at="2019-12-02T21:30:48Z">
      <class name="webTests.SearchforSpecificProperty">
        <test-method status="PASS" signature="setDriver(java.lang.String, java.lang.String, java.lang.String, org.testng.ITestContext)[pri:0, instance:webTests.SearchforSpecificProperty@478190fc]" name="setDriver" is-config="true" duration-ms="6319" started-at="2019-12-02T21:30:34Z" finished-at="2019-12-02T21:30:40Z">
          <params>
            <param index="0">
              <value>
                <![CDATA[chrome]]>
              </value>
            </param>
            <param index="1">
              <value>
                <![CDATA[LINUX]]>
              </value>
            </param>
            <param index="2">
              <value>
                <![CDATA[]]>
              </value>
            </param>
            <param index="3">
              <value>
                <![CDATA[org.testng.TestRunner@473d2686]]>
              </value>
            </param>
          </params>
          <reporter-output>
          </reporter-output>
        </test-method> <!-- setDriver -->
        <test-method status="PASS" signature="searchSpecificProperty(java.lang.String)[pri:0, instance:webTests.SearchforSpecificProperty@478190fc]" name="searchSpecificProperty" duration-ms="7773" started-at="2019-12-02T21:30:40Z" data-provider="getData" finished-at="2019-12-02T21:30:48Z">
          <params>
            <param index="0">
              <value>
                <![CDATA[12512 Brighton Place Tustin, CA 92780]]>
              </value>
            </param>
          </params>
          <reporter-output>
          </reporter-output>
        </test-method> <!-- searchSpecificProperty -->
        <test-method status="PASS" signature="OnFailure(org.testng.ITestResult)[pri:0, instance:webTests.SearchforSpecificProperty@478190fc]" name="OnFailure" is-config="true" duration-ms="1" started-at="2019-12-02T21:30:48Z" finished-at="2019-12-02T21:30:48Z">
          <params>
            <param index="0">
              <value>
                <![CDATA[[TestResult name=searchSpecificProperty status=SUCCESS method=SearchforSpecificProperty.searchSpecificProperty(java.lang.String)[pri:0, instance:webTests.SearchforSpecificProperty@478190fc] output={null}]]]>
              </value>
            </param>
          </params>
          <reporter-output>
          </reporter-output>
        </test-method> <!-- OnFailure -->
        <test-method status="PASS" signature="tearDown()[pri:0, instance:webTests.SearchforSpecificProperty@478190fc]" name="tearDown" is-config="true" duration-ms="68" started-at="2019-12-02T21:30:48Z" finished-at="2019-12-02T21:30:48Z">
          <reporter-output>
          </reporter-output>
        </test-method> <!-- tearDown -->
      </class> <!-- webTests.SearchforSpecificProperty -->
    </test> <!-- CHROME-WEB-SEARCH-SPECIFIC-PROPERTY -->
    <test name="CHROME-CHROME-WEB-LOGIN-AND-SEARCH" duration-ms="20386" started-at="2019-12-02T21:30:33Z" finished-at="2019-12-02T21:30:54Z">
      <class name="webTests.Login_and_Search">
        <test-method status="PASS" signature="setDriver(java.lang.String, java.lang.String, java.lang.String, org.testng.ITestContext)[pri:0, instance:webTests.Login_and_Search@3e58a80e]" name="setDriver" is-config="true" duration-ms="6017" started-at="2019-12-02T21:30:34Z" finished-at="2019-12-02T21:30:40Z">
          <params>
            <param index="0">
              <value>
                <![CDATA[chrome]]>
              </value>
            </param>
            <param index="1">
              <value>
                <![CDATA[LINUX]]>
              </value>
            </param>
            <param index="2">
              <value>
                <![CDATA[]]>
              </value>
            </param>
            <param index="3">
              <value>
                <![CDATA[org.testng.TestRunner@7bf33c37]]>
              </value>
            </param>
          </params>
          <reporter-output>
          </reporter-output>
        </test-method> <!-- setDriver -->
        <test-method status="PASS" signature="loginSearch(java.lang.String, java.lang.String, java.lang.String)[pri:0, instance:webTests.Login_and_Search@3e58a80e]" name="loginSearch" duration-ms="13544" started-at="2019-12-02T21:30:40Z" data-provider="getData" finished-at="2019-12-02T21:30:53Z">
          <params>
            <param index="0">
              <value>
                <![CDATA[sqatester2018@gmail.com]]>
              </value>
            </param>
            <param index="1">
              <value>
                <![CDATA[Automation123#]]>
              </value>
            </param>
            <param index="2">
              <value>
                <![CDATA[Irvine, CA]]>
              </value>
            </param>
          </params>
          <reporter-output>
          </reporter-output>
        </test-method> <!-- loginSearch -->
        <test-method status="PASS" signature="tearDown()[pri:0, instance:webTests.Login_and_Search@3e58a80e]" name="tearDown" is-config="true" duration-ms="62" started-at="2019-12-02T21:30:53Z" finished-at="2019-12-02T21:30:54Z">
          <reporter-output>
          </reporter-output>
        </test-method> <!-- tearDown -->
        <test-method status="PASS" signature="OnFailure(org.testng.ITestResult)[pri:0, instance:webTests.Login_and_Search@3e58a80e]" name="OnFailure" is-config="true" duration-ms="0" started-at="2019-12-02T21:30:53Z" finished-at="2019-12-02T21:30:53Z">
          <params>
            <param index="0">
              <value>
                <![CDATA[[TestResult name=loginSearch status=SUCCESS method=Login_and_Search.loginSearch(java.lang.String, java.lang.String, java.lang.String)[pri:0, instance:webTests.Login_and_Search@3e58a80e] output={null}]]]>
              </value>
            </param>
          </params>
          <reporter-output>
          </reporter-output>
        </test-method> <!-- OnFailure -->
      </class> <!-- webTests.Login_and_Search -->
    </test> <!-- CHROME-CHROME-WEB-LOGIN-AND-SEARCH -->
    <test name="CHROME-WEB-FILTERMORERESULTS-By-KEYWORD" duration-ms="24164" started-at="2019-12-02T21:30:33Z" finished-at="2019-12-02T21:30:57Z">
      <class name="webTests.FilterMoreResultsByKeyword">
        <test-method status="PASS" signature="setDriver(java.lang.String, java.lang.String, java.lang.String, org.testng.ITestContext)[pri:0, instance:webTests.FilterMoreResultsByKeyword@74fe5c40]" name="setDriver" is-config="true" duration-ms="6098" started-at="2019-12-02T21:30:34Z" finished-at="2019-12-02T21:30:40Z">
          <params>
            <param index="0">
              <value>
                <![CDATA[chrome]]>
              </value>
            </param>
            <param index="1">
              <value>
                <![CDATA[LINUX]]>
              </value>
            </param>
            <param index="2">
              <value>
                <![CDATA[]]>
              </value>
            </param>
            <param index="3">
              <value>
                <![CDATA[org.testng.TestRunner@72a0b01e]]>
              </value>
            </param>
          </params>
          <reporter-output>
          </reporter-output>
        </test-method> <!-- setDriver -->
        <test-method status="PASS" signature="filterResultsByKeyword(java.lang.String, java.lang.String)[pri:0, instance:webTests.FilterMoreResultsByKeyword@74fe5c40]" name="filterResultsByKeyword" duration-ms="17256" started-at="2019-12-02T21:30:40Z" data-provider="getData" finished-at="2019-12-02T21:30:57Z">
          <params>
            <param index="0">
              <value>
                <![CDATA[Irvine, CA]]>
              </value>
            </param>
            <param index="1">
              <value>
                <![CDATA[master bedroom]]>
              </value>
            </param>
          </params>
          <reporter-output>
          </reporter-output>
        </test-method> <!-- filterResultsByKeyword -->
        <test-method status="PASS" signature="OnFailure(org.testng.ITestResult)[pri:0, instance:webTests.FilterMoreResultsByKeyword@74fe5c40]" name="OnFailure" is-config="true" duration-ms="0" started-at="2019-12-02T21:30:57Z" finished-at="2019-12-02T21:30:57Z">
          <params>
            <param index="0">
              <value>
                <![CDATA[[TestResult name=filterResultsByKeyword status=SUCCESS method=FilterMoreResultsByKeyword.filterResultsByKeyword(java.lang.String, java.lang.String)[pri:0, instance:webTests.FilterMoreResultsByKeyword@74fe5c40] output={null}]]]>
              </value>
            </param>
          </params>
          <reporter-output>
          </reporter-output>
        </test-method> <!-- OnFailure -->
        <test-method status="PASS" signature="tearDown()[pri:0, instance:webTests.FilterMoreResultsByKeyword@74fe5c40]" name="tearDown" is-config="true" duration-ms="67" started-at="2019-12-02T21:30:57Z" finished-at="2019-12-02T21:30:57Z">
          <reporter-output>
          </reporter-output>
        </test-method> <!-- tearDown -->
      </class> <!-- webTests.FilterMoreResultsByKeyword -->
    </test> <!-- CHROME-WEB-FILTERMORERESULTS-By-KEYWORD -->
    <test name="CHROME-WEB-FILTERMORERESULTS-BY-PROPERTYTYPE" duration-ms="38519" started-at="2019-12-02T21:30:33Z" finished-at="2019-12-02T21:31:12Z">
      <class name="webTests.FilterMoreResultsByPropertyType">
        <test-method status="PASS" signature="setDriver(java.lang.String, java.lang.String, java.lang.String, org.testng.ITestContext)[pri:0, instance:webTests.FilterMoreResultsByPropertyType@2b662a77]" name="setDriver" is-config="true" duration-ms="20042" started-at="2019-12-02T21:30:34Z" finished-at="2019-12-02T21:30:54Z">
          <params>
            <param index="0">
              <value>
                <![CDATA[chrome]]>
              </value>
            </param>
            <param index="1">
              <value>
                <![CDATA[LINUX]]>
              </value>
            </param>
            <param index="2">
              <value>
                <![CDATA[]]>
              </value>
            </param>
            <param index="3">
              <value>
                <![CDATA[org.testng.TestRunner@24b36f82]]>
              </value>
            </param>
          </params>
          <reporter-output>
          </reporter-output>
        </test-method> <!-- setDriver -->
        <test-method status="PASS" signature="filterResultsByPropertyTypeLand(java.lang.String)[pri:0, instance:webTests.FilterMoreResultsByPropertyType@2b662a77]" name="filterResultsByPropertyTypeLand" duration-ms="17691" started-at="2019-12-02T21:30:54Z" data-provider="getData" finished-at="2019-12-02T21:31:12Z">
          <params>
            <param index="0">
              <value>
                <![CDATA[Malibu, CA]]>
              </value>
            </param>
          </params>
          <reporter-output>
          </reporter-output>
        </test-method> <!-- filterResultsByPropertyTypeLand -->
        <test-method status="PASS" signature="OnFailure(org.testng.ITestResult)[pri:0, instance:webTests.FilterMoreResultsByPropertyType@2b662a77]" name="OnFailure" is-config="true" duration-ms="1" started-at="2019-12-02T21:31:12Z" finished-at="2019-12-02T21:31:12Z">
          <params>
            <param index="0">
              <value>
                <![CDATA[[TestResult name=filterResultsByPropertyTypeLand status=SUCCESS method=FilterMoreResultsByPropertyType.filterResultsByPropertyTypeLand(java.lang.String)[pri:0, instance:webTests.FilterMoreResultsByPropertyType@2b662a77] output={null}]]]>
              </value>
            </param>
          </params>
          <reporter-output>
          </reporter-output>
        </test-method> <!-- OnFailure -->
        <test-method status="PASS" signature="tearDown()[pri:0, instance:webTests.FilterMoreResultsByPropertyType@2b662a77]" name="tearDown" is-config="true" duration-ms="60" started-at="2019-12-02T21:31:12Z" finished-at="2019-12-02T21:31:12Z">
          <reporter-output>
          </reporter-output>
        </test-method> <!-- tearDown -->
      </class> <!-- webTests.FilterMoreResultsByPropertyType -->
    </test> <!-- CHROME-WEB-FILTERMORERESULTS-BY-PROPERTYTYPE -->
    <test name="CHROME-WEB-FILTERMORERESULTS-BY-SQUAREFEET" duration-ms="32827" started-at="2019-12-02T21:30:48Z" finished-at="2019-12-02T21:31:21Z">
      <class name="webTests.FilterMoreResultsBySquareFeet">
        <test-method status="PASS" signature="setDriver(java.lang.String, java.lang.String, java.lang.String, org.testng.ITestContext)[pri:0, instance:webTests.FilterMoreResultsBySquareFeet@4ec4f3a0]" name="setDriver" is-config="true" duration-ms="9956" started-at="2019-12-02T21:30:48Z" finished-at="2019-12-02T21:30:58Z">
          <params>
            <param index="0">
              <value>
                <![CDATA[chrome]]>
              </value>
            </param>
            <param index="1">
              <value>
                <![CDATA[LINUX]]>
              </value>
            </param>
            <param index="2">
              <value>
                <![CDATA[]]>
              </value>
            </param>
            <param index="3">
              <value>
                <![CDATA[org.testng.TestRunner@17fe2158]]>
              </value>
            </param>
          </params>
          <reporter-output>
          </reporter-output>
        </test-method> <!-- setDriver -->
        <test-method status="PASS" signature="filterResultsBySqFeet(java.lang.String, java.lang.String, java.lang.String)[pri:0, instance:webTests.FilterMoreResultsBySquareFeet@4ec4f3a0]" name="filterResultsBySqFeet" duration-ms="22548" started-at="2019-12-02T21:30:58Z" data-provider="getData" finished-at="2019-12-02T21:31:21Z">
          <params>
            <param index="0">
              <value>
                <![CDATA[Irvine, CA]]>
              </value>
            </param>
            <param index="1">
              <value>
                <![CDATA[750]]>
              </value>
            </param>
            <param index="2">
              <value>
                <![CDATA[1000]]>
              </value>
            </param>
          </params>
          <reporter-output>
          </reporter-output>
        </test-method> <!-- filterResultsBySqFeet -->
        <test-method status="PASS" signature="OnFailure(org.testng.ITestResult)[pri:0, instance:webTests.FilterMoreResultsBySquareFeet@4ec4f3a0]" name="OnFailure" is-config="true" duration-ms="0" started-at="2019-12-02T21:31:21Z" finished-at="2019-12-02T21:31:21Z">
          <params>
            <param index="0">
              <value>
                <![CDATA[[TestResult name=filterResultsBySqFeet status=SUCCESS method=FilterMoreResultsBySquareFeet.filterResultsBySqFeet(java.lang.String, java.lang.String, java.lang.String)[pri:0, instance:webTests.FilterMoreResultsBySquareFeet@4ec4f3a0] output={null}]]]>
              </value>
            </param>
          </params>
          <reporter-output>
          </reporter-output>
        </test-method> <!-- OnFailure -->
        <test-method status="PASS" signature="tearDown()[pri:0, instance:webTests.FilterMoreResultsBySquareFeet@4ec4f3a0]" name="tearDown" is-config="true" duration-ms="94" started-at="2019-12-02T21:31:21Z" finished-at="2019-12-02T21:31:21Z">
          <reporter-output>
          </reporter-output>
        </test-method> <!-- tearDown -->
      </class> <!-- webTests.FilterMoreResultsBySquareFeet -->
    </test> <!-- CHROME-WEB-FILTERMORERESULTS-BY-SQUAREFEET -->
    <test name="CHROME-WEB-FILTERMORRESULTS-BY-YEAR" duration-ms="35945" started-at="2019-12-02T21:30:57Z" finished-at="2019-12-02T21:31:33Z">
      <class name="webTests.FilterMoreResultsByYear">
        <test-method status="PASS" signature="setDriver(java.lang.String, java.lang.String, java.lang.String, org.testng.ITestContext)[pri:0, instance:webTests.FilterMoreResultsByYear@747ddf94]" name="setDriver" is-config="true" duration-ms="11927" started-at="2019-12-02T21:30:57Z" finished-at="2019-12-02T21:31:09Z">
          <params>
            <param index="0">
              <value>
                <![CDATA[chrome]]>
              </value>
            </param>
            <param index="1">
              <value>
                <![CDATA[LINUX]]>
              </value>
            </param>
            <param index="2">
              <value>
                <![CDATA[]]>
              </value>
            </param>
            <param index="3">
              <value>
                <![CDATA[org.testng.TestRunner@5554c536]]>
              </value>
            </param>
          </params>
          <reporter-output>
          </reporter-output>
        </test-method> <!-- setDriver -->
        <test-method status="PASS" signature="filterResultsByYear(java.lang.String, java.lang.String, java.lang.String)[pri:0, instance:webTests.FilterMoreResultsByYear@747ddf94]" name="filterResultsByYear" duration-ms="23864" started-at="2019-12-02T21:31:09Z" data-provider="getData" finished-at="2019-12-02T21:31:33Z">
          <params>
            <param index="0">
              <value>
                <![CDATA[Irvine, CA]]>
              </value>
            </param>
            <param index="1">
              <value>
                <![CDATA[2000]]>
              </value>
            </param>
            <param index="2">
              <value>
                <![CDATA[2017]]>
              </value>
            </param>
          </params>
          <reporter-output>
          </reporter-output>
        </test-method> <!-- filterResultsByYear -->
        <test-method status="PASS" signature="tearDown()[pri:0, instance:webTests.FilterMoreResultsByYear@747ddf94]" name="tearDown" is-config="true" duration-ms="62" started-at="2019-12-02T21:31:33Z" finished-at="2019-12-02T21:31:33Z">
          <reporter-output>
          </reporter-output>
        </test-method> <!-- tearDown -->
        <test-method status="PASS" signature="OnFailure(org.testng.ITestResult)[pri:0, instance:webTests.FilterMoreResultsByYear@747ddf94]" name="OnFailure" is-config="true" duration-ms="0" started-at="2019-12-02T21:31:33Z" finished-at="2019-12-02T21:31:33Z">
          <params>
            <param index="0">
              <value>
                <![CDATA[[TestResult name=filterResultsByYear status=SUCCESS method=FilterMoreResultsByYear.filterResultsByYear(java.lang.String, java.lang.String, java.lang.String)[pri:0, instance:webTests.FilterMoreResultsByYear@747ddf94] output={null}]]]>
              </value>
            </param>
          </params>
          <reporter-output>
          </reporter-output>
        </test-method> <!-- OnFailure -->
      </class> <!-- webTests.FilterMoreResultsByYear -->
    </test> <!-- CHROME-WEB-FILTERMORRESULTS-BY-YEAR -->
    <test name="CHROME-WEB-FILTERMORERESULTS-BY-STATUS" duration-ms="81975" started-at="2019-12-02T21:30:54Z" finished-at="2019-12-02T21:32:16Z">
      <class name="webTests.FilterMoreResultsByStatus">
        <test-method status="PASS" signature="setDriver(java.lang.String, java.lang.String, java.lang.String, org.testng.ITestContext)[pri:0, instance:webTests.FilterMoreResultsByStatus@59662a0b]" name="setDriver" is-config="true" duration-ms="8067" started-at="2019-12-02T21:30:54Z" finished-at="2019-12-02T21:31:02Z">
          <params>
            <param index="0">
              <value>
                <![CDATA[chrome]]>
              </value>
            </param>
            <param index="1">
              <value>
                <![CDATA[LINUX]]>
              </value>
            </param>
            <param index="2">
              <value>
                <![CDATA[]]>
              </value>
            </param>
            <param index="3">
              <value>
                <![CDATA[org.testng.TestRunner@3df9ba9]]>
              </value>
            </param>
          </params>
          <reporter-output>
          </reporter-output>
        </test-method> <!-- setDriver -->
        <test-method status="PASS" signature="filterResultsByPendingStatus(java.lang.String)[pri:1, instance:webTests.FilterMoreResultsByStatus@59662a0b]" name="filterResultsByPendingStatus" duration-ms="23338" started-at="2019-12-02T21:31:02Z" data-provider="getData" finished-at="2019-12-02T21:31:25Z">
          <params>
            <param index="0">
              <value>
                <![CDATA[Irvine, CA]]>
              </value>
            </param>
          </params>
          <reporter-output>
          </reporter-output>
        </test-method> <!-- filterResultsByPendingStatus -->
        <test-method status="PASS" signature="OnFailure(org.testng.ITestResult)[pri:0, instance:webTests.FilterMoreResultsByStatus@59662a0b]" name="OnFailure" is-config="true" duration-ms="1" started-at="2019-12-02T21:31:25Z" finished-at="2019-12-02T21:31:25Z">
          <params>
            <param index="0">
              <value>
                <![CDATA[[TestResult name=filterResultsByPendingStatus status=SUCCESS method=FilterMoreResultsByStatus.filterResultsByPendingStatus(java.lang.String)[pri:1, instance:webTests.FilterMoreResultsByStatus@59662a0b] output={null}]]]>
              </value>
            </param>
          </params>
          <reporter-output>
          </reporter-output>
        </test-method> <!-- OnFailure -->
        <test-method status="PASS" signature="tearDown()[pri:0, instance:webTests.FilterMoreResultsByStatus@59662a0b]" name="tearDown" is-config="true" duration-ms="59" started-at="2019-12-02T21:31:25Z" finished-at="2019-12-02T21:31:25Z">
          <reporter-output>
          </reporter-output>
        </test-method> <!-- tearDown -->
        <test-method status="PASS" signature="setDriver(java.lang.String, java.lang.String, java.lang.String, org.testng.ITestContext)[pri:0, instance:webTests.FilterMoreResultsByStatus@59662a0b]" name="setDriver" is-config="true" duration-ms="3979" started-at="2019-12-02T21:31:25Z" finished-at="2019-12-02T21:31:29Z">
          <params>
            <param index="0">
              <value>
                <![CDATA[chrome]]>
              </value>
            </param>
            <param index="1">
              <value>
                <![CDATA[LINUX]]>
              </value>
            </param>
            <param index="2">
              <value>
                <![CDATA[]]>
              </value>
            </param>
            <param index="3">
              <value>
                <![CDATA[org.testng.TestRunner@3df9ba9]]>
              </value>
            </param>
          </params>
          <reporter-output>
          </reporter-output>
        </test-method> <!-- setDriver -->
        <test-method status="PASS" signature="filterResultsBySoldStatus(java.lang.String)[pri:2, instance:webTests.FilterMoreResultsByStatus@59662a0b]" name="filterResultsBySoldStatus" duration-ms="21410" started-at="2019-12-02T21:31:29Z" data-provider="getData" finished-at="2019-12-02T21:31:51Z">
          <params>
            <param index="0">
              <value>
                <![CDATA[Irvine, CA]]>
              </value>
            </param>
          </params>
          <reporter-output>
          </reporter-output>
        </test-method> <!-- filterResultsBySoldStatus -->
        <test-method status="PASS" signature="OnFailure(org.testng.ITestResult)[pri:0, instance:webTests.FilterMoreResultsByStatus@59662a0b]" name="OnFailure" is-config="true" duration-ms="0" started-at="2019-12-02T21:31:51Z" finished-at="2019-12-02T21:31:51Z">
          <params>
            <param index="0">
              <value>
                <![CDATA[[TestResult name=filterResultsBySoldStatus status=SUCCESS method=FilterMoreResultsByStatus.filterResultsBySoldStatus(java.lang.String)[pri:2, instance:webTests.FilterMoreResultsByStatus@59662a0b] output={null}]]]>
              </value>
            </param>
          </params>
          <reporter-output>
          </reporter-output>
        </test-method> <!-- OnFailure -->
        <test-method status="PASS" signature="tearDown()[pri:0, instance:webTests.FilterMoreResultsByStatus@59662a0b]" name="tearDown" is-config="true" duration-ms="62" started-at="2019-12-02T21:31:51Z" finished-at="2019-12-02T21:31:51Z">
          <reporter-output>
          </reporter-output>
        </test-method> <!-- tearDown -->
        <test-method status="PASS" signature="setDriver(java.lang.String, java.lang.String, java.lang.String, org.testng.ITestContext)[pri:0, instance:webTests.FilterMoreResultsByStatus@59662a0b]" name="setDriver" is-config="true" duration-ms="4088" started-at="2019-12-02T21:31:51Z" finished-at="2019-12-02T21:31:55Z">
          <params>
            <param index="0">
              <value>
                <![CDATA[chrome]]>
              </value>
            </param>
            <param index="1">
              <value>
                <![CDATA[LINUX]]>
              </value>
            </param>
            <param index="2">
              <value>
                <![CDATA[]]>
              </value>
            </param>
            <param index="3">
              <value>
                <![CDATA[org.testng.TestRunner@3df9ba9]]>
              </value>
            </param>
          </params>
          <reporter-output>
          </reporter-output>
        </test-method> <!-- setDriver -->
        <test-method status="PASS" signature="filterResultsByForSaleStatus(java.lang.String)[pri:3, instance:webTests.FilterMoreResultsByStatus@59662a0b]" name="filterResultsByForSaleStatus" duration-ms="20717" started-at="2019-12-02T21:31:55Z" data-provider="getData" finished-at="2019-12-02T21:32:15Z">
          <params>
            <param index="0">
              <value>
                <![CDATA[Irvine, CA]]>
              </value>
            </param>
          </params>
          <reporter-output>
          </reporter-output>
        </test-method> <!-- filterResultsByForSaleStatus -->
        <test-method status="PASS" signature="OnFailure(org.testng.ITestResult)[pri:0, instance:webTests.FilterMoreResultsByStatus@59662a0b]" name="OnFailure" is-config="true" duration-ms="1" started-at="2019-12-02T21:32:15Z" finished-at="2019-12-02T21:32:15Z">
          <params>
            <param index="0">
              <value>
                <![CDATA[[TestResult name=filterResultsByForSaleStatus status=SUCCESS method=FilterMoreResultsByStatus.filterResultsByForSaleStatus(java.lang.String)[pri:3, instance:webTests.FilterMoreResultsByStatus@59662a0b] output={null}]]]>
              </value>
            </param>
          </params>
          <reporter-output>
          </reporter-output>
        </test-method> <!-- OnFailure -->
        <test-method status="PASS" signature="tearDown()[pri:0, instance:webTests.FilterMoreResultsByStatus@59662a0b]" name="tearDown" is-config="true" duration-ms="69" started-at="2019-12-02T21:32:15Z" finished-at="2019-12-02T21:32:16Z">
          <reporter-output>
          </reporter-output>
        </test-method> <!-- tearDown -->
      </class> <!-- webTests.FilterMoreResultsByStatus -->
    </test> <!-- CHROME-WEB-FILTERMORERESULTS-BY-STATUS -->
    <test name="CHROME-WEB-FILTERRESULTS-BY-PRICEBEDBATH" duration-ms="74387" started-at="2019-12-02T21:31:12Z" finished-at="2019-12-02T21:32:26Z">
      <class name="webTests.FilterResultsByPriceBedBath">
        <test-method status="PASS" signature="setDriver(java.lang.String, java.lang.String, java.lang.String, org.testng.ITestContext)[pri:0, instance:webTests.FilterResultsByPriceBedBath@130d63be]" name="setDriver" is-config="true" duration-ms="13836" started-at="2019-12-02T21:31:12Z" finished-at="2019-12-02T21:31:26Z">
          <params>
            <param index="0">
              <value>
                <![CDATA[chrome]]>
              </value>
            </param>
            <param index="1">
              <value>
                <![CDATA[LINUX]]>
              </value>
            </param>
            <param index="2">
              <value>
                <![CDATA[]]>
              </value>
            </param>
            <param index="3">
              <value>
                <![CDATA[org.testng.TestRunner@3672340d]]>
              </value>
            </param>
          </params>
          <reporter-output>
          </reporter-output>
        </test-method> <!-- setDriver -->
        <test-method status="PASS" signature="filterResultsByBeds(java.lang.String, java.lang.String)[pri:0, instance:webTests.FilterResultsByPriceBedBath@130d63be]" name="filterResultsByBeds" duration-ms="12660" started-at="2019-12-02T21:31:26Z" data-provider="getData" finished-at="2019-12-02T21:31:38Z">
          <params>
            <param index="0">
              <value>
                <![CDATA[Irvine, CA]]>
              </value>
            </param>
            <param index="1">
              <value>
                <![CDATA[3]]>
              </value>
            </param>
          </params>
          <reporter-output>
          </reporter-output>
        </test-method> <!-- filterResultsByBeds -->
        <test-method status="PASS" signature="OnFailure(org.testng.ITestResult)[pri:0, instance:webTests.FilterResultsByPriceBedBath@130d63be]" name="OnFailure" is-config="true" duration-ms="0" started-at="2019-12-02T21:31:38Z" finished-at="2019-12-02T21:31:38Z">
          <params>
            <param index="0">
              <value>
                <![CDATA[[TestResult name=filterResultsByBeds status=SUCCESS method=FilterResultsByPriceBedBath.filterResultsByBeds(java.lang.String, java.lang.String)[pri:0, instance:webTests.FilterResultsByPriceBedBath@130d63be] output={null}]]]>
              </value>
            </param>
          </params>
          <reporter-output>
          </reporter-output>
        </test-method> <!-- OnFailure -->
        <test-method status="PASS" signature="tearDown()[pri:0, instance:webTests.FilterResultsByPriceBedBath@130d63be]" name="tearDown" is-config="true" duration-ms="58" started-at="2019-12-02T21:31:38Z" finished-at="2019-12-02T21:31:38Z">
          <reporter-output>
          </reporter-output>
        </test-method> <!-- tearDown -->
        <test-method status="PASS" signature="setDriver(java.lang.String, java.lang.String, java.lang.String, org.testng.ITestContext)[pri:0, instance:webTests.FilterResultsByPriceBedBath@130d63be]" name="setDriver" is-config="true" duration-ms="4320" started-at="2019-12-02T21:31:38Z" finished-at="2019-12-02T21:31:43Z">
          <params>
            <param index="0">
              <value>
                <![CDATA[chrome]]>
              </value>
            </param>
            <param index="1">
              <value>
                <![CDATA[LINUX]]>
              </value>
            </param>
            <param index="2">
              <value>
                <![CDATA[]]>
              </value>
            </param>
            <param index="3">
              <value>
                <![CDATA[org.testng.TestRunner@3672340d]]>
              </value>
            </param>
          </params>
          <reporter-output>
          </reporter-output>
        </test-method> <!-- setDriver -->
        <test-method status="PASS" signature="filterResultsByPrice(java.lang.String, java.lang.String, java.lang.String)[pri:0, instance:webTests.FilterResultsByPriceBedBath@130d63be]" name="filterResultsByPrice" duration-ms="27699" started-at="2019-12-02T21:31:43Z" data-provider="getData" finished-at="2019-12-02T21:32:10Z">
          <params>
            <param index="0">
              <value>
                <![CDATA[Irvine, CA]]>
              </value>
            </param>
            <param index="1">
              <value>
                <![CDATA[800,000]]>
              </value>
            </param>
            <param index="2">
              <value>
                <![CDATA[1,300,000]]>
              </value>
            </param>
          </params>
          <reporter-output>
          </reporter-output>
        </test-method> <!-- filterResultsByPrice -->
        <test-method status="PASS" signature="OnFailure(org.testng.ITestResult)[pri:0, instance:webTests.FilterResultsByPriceBedBath@130d63be]" name="OnFailure" is-config="true" duration-ms="0" started-at="2019-12-02T21:32:10Z" finished-at="2019-12-02T21:32:10Z">
          <params>
            <param index="0">
              <value>
                <![CDATA[[TestResult name=filterResultsByPrice status=SUCCESS method=FilterResultsByPriceBedBath.filterResultsByPrice(java.lang.String, java.lang.String, java.lang.String)[pri:0, instance:webTests.FilterResultsByPriceBedBath@130d63be] output={null}]]]>
              </value>
            </param>
          </params>
          <reporter-output>
          </reporter-output>
        </test-method> <!-- OnFailure -->
        <test-method status="PASS" signature="tearDown()[pri:0, instance:webTests.FilterResultsByPriceBedBath@130d63be]" name="tearDown" is-config="true" duration-ms="67" started-at="2019-12-02T21:32:10Z" finished-at="2019-12-02T21:32:11Z">
          <reporter-output>
          </reporter-output>
        </test-method> <!-- tearDown -->
        <test-method status="PASS" signature="setDriver(java.lang.String, java.lang.String, java.lang.String, org.testng.ITestContext)[pri:0, instance:webTests.FilterResultsByPriceBedBath@130d63be]" name="setDriver" is-config="true" duration-ms="3991" started-at="2019-12-02T21:32:11Z" finished-at="2019-12-02T21:32:15Z">
          <params>
            <param index="0">
              <value>
                <![CDATA[chrome]]>
              </value>
            </param>
            <param index="1">
              <value>
                <![CDATA[LINUX]]>
              </value>
            </param>
            <param index="2">
              <value>
                <![CDATA[]]>
              </value>
            </param>
            <param index="3">
              <value>
                <![CDATA[org.testng.TestRunner@3672340d]]>
              </value>
            </param>
          </params>
          <reporter-output>
          </reporter-output>
        </test-method> <!-- setDriver -->
        <test-method status="PASS" signature="filterResultsBybaths(java.lang.String, java.lang.String)[pri:0, instance:webTests.FilterResultsByPriceBedBath@130d63be]" name="filterResultsBybaths" duration-ms="11469" started-at="2019-12-02T21:32:15Z" data-provider="getData" finished-at="2019-12-02T21:32:26Z">
          <params>
            <param index="0">
              <value>
                <![CDATA[Irvine, CA]]>
              </value>
            </param>
            <param index="1">
              <value>
                <![CDATA[3]]>
              </value>
            </param>
          </params>
          <reporter-output>
          </reporter-output>
        </test-method> <!-- filterResultsBybaths -->
        <test-method status="PASS" signature="OnFailure(org.testng.ITestResult)[pri:0, instance:webTests.FilterResultsByPriceBedBath@130d63be]" name="OnFailure" is-config="true" duration-ms="1" started-at="2019-12-02T21:32:26Z" finished-at="2019-12-02T21:32:26Z">
          <params>
            <param index="0">
              <value>
                <![CDATA[[TestResult name=filterResultsBybaths status=SUCCESS method=FilterResultsByPriceBedBath.filterResultsBybaths(java.lang.String, java.lang.String)[pri:0, instance:webTests.FilterResultsByPriceBedBath@130d63be] output={null}]]]>
              </value>
            </param>
          </params>
          <reporter-output>
          </reporter-output>
        </test-method> <!-- OnFailure -->
        <test-method status="PASS" signature="tearDown()[pri:0, instance:webTests.FilterResultsByPriceBedBath@130d63be]" name="tearDown" is-config="true" duration-ms="59" started-at="2019-12-02T21:32:26Z" finished-at="2019-12-02T21:32:26Z">
          <reporter-output>
          </reporter-output>
        </test-method> <!-- tearDown -->
      </class> <!-- webTests.FilterResultsByPriceBedBath -->
    </test> <!-- CHROME-WEB-FILTERRESULTS-BY-PRICEBEDBATH -->
    <test name="CHROME-WEB-SORTRESULTS-BY-PRICEBEDBATH" duration-ms="118913" started-at="2019-12-02T21:30:33Z" finished-at="2019-12-02T21:32:32Z">
      <class name="webTests.SortResultsByPriceBedBath">
        <test-method status="PASS" signature="setDriver(java.lang.String, java.lang.String, java.lang.String, org.testng.ITestContext)[pri:0, instance:webTests.SortResultsByPriceBedBath@564fabc8]" name="setDriver" is-config="true" duration-ms="6162" started-at="2019-12-02T21:30:34Z" finished-at="2019-12-02T21:30:40Z">
          <params>
            <param index="0">
              <value>
                <![CDATA[chrome]]>
              </value>
            </param>
            <param index="1">
              <value>
                <![CDATA[LINUX]]>
              </value>
            </param>
            <param index="2">
              <value>
                <![CDATA[]]>
              </value>
            </param>
            <param index="3">
              <value>
                <![CDATA[org.testng.TestRunner@31e13140]]>
              </value>
            </param>
          </params>
          <reporter-output>
          </reporter-output>
        </test-method> <!-- setDriver -->
        <test-method status="PASS" signature="sortResultsByBaths(java.lang.String)[pri:0, instance:webTests.SortResultsByPriceBedBath@564fabc8]" name="sortResultsByBaths" duration-ms="24051" started-at="2019-12-02T21:30:40Z" data-provider="getData" finished-at="2019-12-02T21:31:04Z">
          <params>
            <param index="0">
              <value>
                <![CDATA[San Marino, CA]]>
              </value>
            </param>
          </params>
          <reporter-output>
          </reporter-output>
        </test-method> <!-- sortResultsByBaths -->
        <test-method status="PASS" signature="OnFailure(org.testng.ITestResult)[pri:0, instance:webTests.SortResultsByPriceBedBath@564fabc8]" name="OnFailure" is-config="true" duration-ms="0" started-at="2019-12-02T21:31:04Z" finished-at="2019-12-02T21:31:04Z">
          <params>
            <param index="0">
              <value>
                <![CDATA[[TestResult name=sortResultsByBaths status=SUCCESS method=SortResultsByPriceBedBath.sortResultsByBaths(java.lang.String)[pri:0, instance:webTests.SortResultsByPriceBedBath@564fabc8] output={null}]]]>
              </value>
            </param>
          </params>
          <reporter-output>
          </reporter-output>
        </test-method> <!-- OnFailure -->
        <test-method status="PASS" signature="tearDown()[pri:0, instance:webTests.SortResultsByPriceBedBath@564fabc8]" name="tearDown" is-config="true" duration-ms="62" started-at="2019-12-02T21:31:04Z" finished-at="2019-12-02T21:31:04Z">
          <reporter-output>
          </reporter-output>
        </test-method> <!-- tearDown -->
        <test-method status="PASS" signature="setDriver(java.lang.String, java.lang.String, java.lang.String, org.testng.ITestContext)[pri:0, instance:webTests.SortResultsByPriceBedBath@564fabc8]" name="setDriver" is-config="true" duration-ms="12994" started-at="2019-12-02T21:31:04Z" finished-at="2019-12-02T21:31:17Z">
          <params>
            <param index="0">
              <value>
                <![CDATA[chrome]]>
              </value>
            </param>
            <param index="1">
              <value>
                <![CDATA[LINUX]]>
              </value>
            </param>
            <param index="2">
              <value>
                <![CDATA[]]>
              </value>
            </param>
            <param index="3">
              <value>
                <![CDATA[org.testng.TestRunner@31e13140]]>
              </value>
            </param>
          </params>
          <reporter-output>
          </reporter-output>
        </test-method> <!-- setDriver -->
        <test-method status="PASS" signature="sortResultsByBeds(java.lang.String)[pri:0, instance:webTests.SortResultsByPriceBedBath@564fabc8]" name="sortResultsByBeds" duration-ms="22573" started-at="2019-12-02T21:31:17Z" data-provider="getData" finished-at="2019-12-02T21:31:40Z">
          <params>
            <param index="0">
              <value>
                <![CDATA[Milpitas, CA]]>
              </value>
            </param>
          </params>
          <reporter-output>
          </reporter-output>
        </test-method> <!-- sortResultsByBeds -->
        <test-method status="PASS" signature="OnFailure(org.testng.ITestResult)[pri:0, instance:webTests.SortResultsByPriceBedBath@564fabc8]" name="OnFailure" is-config="true" duration-ms="1" started-at="2019-12-02T21:31:40Z" finished-at="2019-12-02T21:31:40Z">
          <params>
            <param index="0">
              <value>
                <![CDATA[[TestResult name=sortResultsByBeds status=SUCCESS method=SortResultsByPriceBedBath.sortResultsByBeds(java.lang.String)[pri:0, instance:webTests.SortResultsByPriceBedBath@564fabc8] output={null}]]]>
              </value>
            </param>
          </params>
          <reporter-output>
          </reporter-output>
        </test-method> <!-- OnFailure -->
        <test-method status="PASS" signature="tearDown()[pri:0, instance:webTests.SortResultsByPriceBedBath@564fabc8]" name="tearDown" is-config="true" duration-ms="58" started-at="2019-12-02T21:31:40Z" finished-at="2019-12-02T21:31:40Z">
          <reporter-output>
          </reporter-output>
        </test-method> <!-- tearDown -->
        <test-method status="PASS" signature="setDriver(java.lang.String, java.lang.String, java.lang.String, org.testng.ITestContext)[pri:0, instance:webTests.SortResultsByPriceBedBath@564fabc8]" name="setDriver" is-config="true" duration-ms="4546" started-at="2019-12-02T21:31:40Z" finished-at="2019-12-02T21:31:45Z">
          <params>
            <param index="0">
              <value>
                <![CDATA[chrome]]>
              </value>
            </param>
            <param index="1">
              <value>
                <![CDATA[LINUX]]>
              </value>
            </param>
            <param index="2">
              <value>
                <![CDATA[]]>
              </value>
            </param>
            <param index="3">
              <value>
                <![CDATA[org.testng.TestRunner@31e13140]]>
              </value>
            </param>
          </params>
          <reporter-output>
          </reporter-output>
        </test-method> <!-- setDriver -->
        <test-method status="PASS" signature="sortResultsByMostRecent(java.lang.String)[pri:0, instance:webTests.SortResultsByPriceBedBath@564fabc8]" name="sortResultsByMostRecent" duration-ms="22439" started-at="2019-12-02T21:31:45Z" data-provider="getData" finished-at="2019-12-02T21:32:07Z">
          <params>
            <param index="0">
              <value>
                <![CDATA[Irvine, CA]]>
              </value>
            </param>
          </params>
          <reporter-output>
          </reporter-output>
        </test-method> <!-- sortResultsByMostRecent -->
        <test-method status="PASS" signature="OnFailure(org.testng.ITestResult)[pri:0, instance:webTests.SortResultsByPriceBedBath@564fabc8]" name="OnFailure" is-config="true" duration-ms="0" started-at="2019-12-02T21:32:07Z" finished-at="2019-12-02T21:32:07Z">
          <params>
            <param index="0">
              <value>
                <![CDATA[[TestResult name=sortResultsByMostRecent status=SUCCESS method=SortResultsByPriceBedBath.sortResultsByMostRecent(java.lang.String)[pri:0, instance:webTests.SortResultsByPriceBedBath@564fabc8] output={null}]]]>
              </value>
            </param>
          </params>
          <reporter-output>
          </reporter-output>
        </test-method> <!-- OnFailure -->
        <test-method status="PASS" signature="tearDown()[pri:0, instance:webTests.SortResultsByPriceBedBath@564fabc8]" name="tearDown" is-config="true" duration-ms="66" started-at="2019-12-02T21:32:07Z" finished-at="2019-12-02T21:32:07Z">
          <reporter-output>
          </reporter-output>
        </test-method> <!-- tearDown -->
        <test-method status="PASS" signature="setDriver(java.lang.String, java.lang.String, java.lang.String, org.testng.ITestContext)[pri:0, instance:webTests.SortResultsByPriceBedBath@564fabc8]" name="setDriver" is-config="true" duration-ms="4472" started-at="2019-12-02T21:32:07Z" finished-at="2019-12-02T21:32:12Z">
          <params>
            <param index="0">
              <value>
                <![CDATA[chrome]]>
              </value>
            </param>
            <param index="1">
              <value>
                <![CDATA[LINUX]]>
              </value>
            </param>
            <param index="2">
              <value>
                <![CDATA[]]>
              </value>
            </param>
            <param index="3">
              <value>
                <![CDATA[org.testng.TestRunner@31e13140]]>
              </value>
            </param>
          </params>
          <reporter-output>
          </reporter-output>
        </test-method> <!-- setDriver -->
        <test-method status="PASS" signature="sortResultsByPrice(java.lang.String)[pri:0, instance:webTests.SortResultsByPriceBedBath@564fabc8]" name="sortResultsByPrice" duration-ms="20448" started-at="2019-12-02T21:32:12Z" data-provider="getData" finished-at="2019-12-02T21:32:32Z">
          <params>
            <param index="0">
              <value>
                <![CDATA[Irvine, CA]]>
              </value>
            </param>
          </params>
          <reporter-output>
          </reporter-output>
        </test-method> <!-- sortResultsByPrice -->
        <test-method status="PASS" signature="OnFailure(org.testng.ITestResult)[pri:0, instance:webTests.SortResultsByPriceBedBath@564fabc8]" name="OnFailure" is-config="true" duration-ms="1" started-at="2019-12-02T21:32:32Z" finished-at="2019-12-02T21:32:32Z">
          <params>
            <param index="0">
              <value>
                <![CDATA[[TestResult name=sortResultsByPrice status=SUCCESS method=SortResultsByPriceBedBath.sortResultsByPrice(java.lang.String)[pri:0, instance:webTests.SortResultsByPriceBedBath@564fabc8] output={null}]]]>
              </value>
            </param>
          </params>
          <reporter-output>
          </reporter-output>
        </test-method> <!-- OnFailure -->
        <test-method status="PASS" signature="tearDown()[pri:0, instance:webTests.SortResultsByPriceBedBath@564fabc8]" name="tearDown" is-config="true" duration-ms="58" started-at="2019-12-02T21:32:32Z" finished-at="2019-12-02T21:32:32Z">
          <reporter-output>
          </reporter-output>
        </test-method> <!-- tearDown -->
      </class> <!-- webTests.SortResultsByPriceBedBath -->
    </test> <!-- CHROME-WEB-SORTRESULTS-BY-PRICEBEDBATH -->
  </suite> <!-- CHROME-WEB-TESTS -->
</testng-results>
