<?xml version="1.0" encoding="UTF-8"?>
<!-- Generated by org.testng.reporters.JUnitXMLReporter -->
<testsuite hostname="0dbc52703a0c" ignored="0" name="CHROME-WEB-SORTRESULTS-BY-PRICEBEDBATH" tests="4" failures="0" timestamp="02 Dec 2019 21:32:32 GMT" time="118.913" errors="0">
  <testcase name="sortResultsByBaths" time="24.051" classname="webTests.SortResultsByPriceBedBath"/>
  <testcase name="sortResultsByBeds" time="22.573" classname="webTests.SortResultsByPriceBedBath"/>
  <testcase name="sortResultsByMostRecent" time="22.439" classname="webTests.SortResultsByPriceBedBath"/>
  <testcase name="sortResultsByPrice" time="20.448" classname="webTests.SortResultsByPriceBedBath"/>
</testsuite> <!-- CHROME-WEB-SORTRESULTS-BY-PRICEBEDBATH -->
