<?xml version="1.0" encoding="UTF-8"?>
<!-- Generated by org.testng.reporters.JUnitXMLReporter -->
<testsuite hostname="0dbc52703a0c" ignored="0" name="CHROME-WEB-FILTERRESULTS-BY-PRICEBEDBATH" tests="3" failures="0" timestamp="02 Dec 2019 21:32:26 GMT" time="74.387" errors="0">
  <testcase name="filterResultsByBeds" time="12.66" classname="webTests.FilterResultsByPriceBedBath"/>
  <testcase name="filterResultsByPrice" time="27.699" classname="webTests.FilterResultsByPriceBedBath"/>
  <testcase name="filterResultsBybaths" time="11.469" classname="webTests.FilterResultsByPriceBedBath"/>
</testsuite> <!-- CHROME-WEB-FILTERRESULTS-BY-PRICEBEDBATH -->
