<?xml version="1.0" encoding="UTF-8"?>
<!-- Generated by org.testng.reporters.JUnitXMLReporter -->
<testsuite hostname="0dbc52703a0c" ignored="0" name="CHROME-WEB-FILTERMORERESULTS-BY-STATUS" tests="3" failures="0" timestamp="02 Dec 2019 21:32:16 GMT" time="81.975" errors="0">
  <testcase name="filterResultsByPendingStatus" time="23.338" classname="webTests.FilterMoreResultsByStatus"/>
  <testcase name="filterResultsBySoldStatus" time="21.41" classname="webTests.FilterMoreResultsByStatus"/>
  <testcase name="filterResultsByForSaleStatus" time="20.717" classname="webTests.FilterMoreResultsByStatus"/>
</testsuite> <!-- CHROME-WEB-FILTERMORERESULTS-BY-STATUS -->
