<?xml version="1.0" encoding="UTF-8"?>
<testng-results skipped="0" failed="2" ignored="0" total="16" passed="14">
  <reporter-output>
  </reporter-output>
  <suite name="CHROME-WEB-TESTS" duration-ms="333368" started-at="2019-11-30T23:55:04Z" finished-at="2019-12-01T00:00:37Z">
    <groups>
      <group name="regression">
        <method signature="Login_and_Search.loginSearch(java.lang.String, java.lang.String, java.lang.String)[pri:0, instance:webTests.Login_and_Search@710f4dc7]" name="loginSearch" class="webTests.Login_and_Search"/>
        <method signature="SearchforSpecificProperty.searchSpecificProperty(java.lang.String)[pri:0, instance:webTests.SearchforSpecificProperty@22fcf7ab]" name="searchSpecificProperty" class="webTests.SearchforSpecificProperty"/>
        <method signature="SortResultsByPriceBedBath.sortResultsByBaths(java.lang.String)[pri:0, instance:webTests.SortResultsByPriceBedBath@bccb269]" name="sortResultsByBaths" class="webTests.SortResultsByPriceBedBath"/>
        <method signature="SortResultsByPriceBedBath.sortResultsByBeds(java.lang.String)[pri:0, instance:webTests.SortResultsByPriceBedBath@bccb269]" name="sortResultsByBeds" class="webTests.SortResultsByPriceBedBath"/>
        <method signature="SortResultsByPriceBedBath.sortResultsByMostRecent(java.lang.String)[pri:0, instance:webTests.SortResultsByPriceBedBath@bccb269]" name="sortResultsByMostRecent" class="webTests.SortResultsByPriceBedBath"/>
        <method signature="SortResultsByPriceBedBath.sortResultsByPrice(java.lang.String)[pri:0, instance:webTests.SortResultsByPriceBedBath@bccb269]" name="sortResultsByPrice" class="webTests.SortResultsByPriceBedBath"/>
        <method signature="FilterMoreResultsByKeyword.filterResultsByKeyword(java.lang.String, java.lang.String)[pri:0, instance:webTests.FilterMoreResultsByKeyword@1e66f1f5]" name="filterResultsByKeyword" class="webTests.FilterMoreResultsByKeyword"/>
        <method signature="FilterMoreResultsByPropertyType.filterResultsByPropertyTypeLand(java.lang.String)[pri:0, instance:webTests.FilterMoreResultsByPropertyType@33c911a1]" name="filterResultsByPropertyTypeLand" class="webTests.FilterMoreResultsByPropertyType"/>
        <method signature="FilterMoreResultsBySquareFeet.filterResultsBySqFeet(java.lang.String, java.lang.String, java.lang.String)[pri:0, instance:webTests.FilterMoreResultsBySquareFeet@385e9564]" name="filterResultsBySqFeet" class="webTests.FilterMoreResultsBySquareFeet"/>
        <method signature="FilterMoreResultsByStatus.filterResultsByForSaleStatus(java.lang.String)[pri:3, instance:webTests.FilterMoreResultsByStatus@192c3f1e]" name="filterResultsByForSaleStatus" class="webTests.FilterMoreResultsByStatus"/>
        <method signature="FilterMoreResultsByStatus.filterResultsByPendingStatus(java.lang.String)[pri:1, instance:webTests.FilterMoreResultsByStatus@192c3f1e]" name="filterResultsByPendingStatus" class="webTests.FilterMoreResultsByStatus"/>
        <method signature="FilterMoreResultsByStatus.filterResultsBySoldStatus(java.lang.String)[pri:2, instance:webTests.FilterMoreResultsByStatus@192c3f1e]" name="filterResultsBySoldStatus" class="webTests.FilterMoreResultsByStatus"/>
        <method signature="FilterMoreResultsByYear.filterResultsByYear(java.lang.String, java.lang.String, java.lang.String)[pri:0, instance:webTests.FilterMoreResultsByYear@5c671d7f]" name="filterResultsByYear" class="webTests.FilterMoreResultsByYear"/>
        <method signature="FilterResultsByPriceBedBath.filterResultsByBeds(java.lang.String, java.lang.String)[pri:0, instance:webTests.FilterResultsByPriceBedBath@37271612]" name="filterResultsByBeds" class="webTests.FilterResultsByPriceBedBath"/>
        <method signature="FilterResultsByPriceBedBath.filterResultsByPrice(java.lang.String, java.lang.String, java.lang.String)[pri:0, instance:webTests.FilterResultsByPriceBedBath@37271612]" name="filterResultsByPrice" class="webTests.FilterResultsByPriceBedBath"/>
        <method signature="FilterResultsByPriceBedBath.filterResultsBybaths(java.lang.String, java.lang.String)[pri:0, instance:webTests.FilterResultsByPriceBedBath@37271612]" name="filterResultsBybaths" class="webTests.FilterResultsByPriceBedBath"/>
      </group> <!-- regression -->
      <group name="smoke">
        <method signature="Login_and_Search.loginSearch(java.lang.String, java.lang.String, java.lang.String)[pri:0, instance:webTests.Login_and_Search@710f4dc7]" name="loginSearch" class="webTests.Login_and_Search"/>
        <method signature="SearchforSpecificProperty.searchSpecificProperty(java.lang.String)[pri:0, instance:webTests.SearchforSpecificProperty@22fcf7ab]" name="searchSpecificProperty" class="webTests.SearchforSpecificProperty"/>
        <method signature="SortResultsByPriceBedBath.sortResultsByBaths(java.lang.String)[pri:0, instance:webTests.SortResultsByPriceBedBath@bccb269]" name="sortResultsByBaths" class="webTests.SortResultsByPriceBedBath"/>
        <method signature="SortResultsByPriceBedBath.sortResultsByBeds(java.lang.String)[pri:0, instance:webTests.SortResultsByPriceBedBath@bccb269]" name="sortResultsByBeds" class="webTests.SortResultsByPriceBedBath"/>
        <method signature="SortResultsByPriceBedBath.sortResultsByMostRecent(java.lang.String)[pri:0, instance:webTests.SortResultsByPriceBedBath@bccb269]" name="sortResultsByMostRecent" class="webTests.SortResultsByPriceBedBath"/>
        <method signature="SortResultsByPriceBedBath.sortResultsByPrice(java.lang.String)[pri:0, instance:webTests.SortResultsByPriceBedBath@bccb269]" name="sortResultsByPrice" class="webTests.SortResultsByPriceBedBath"/>
        <method signature="FilterMoreResultsByKeyword.filterResultsByKeyword(java.lang.String, java.lang.String)[pri:0, instance:webTests.FilterMoreResultsByKeyword@1e66f1f5]" name="filterResultsByKeyword" class="webTests.FilterMoreResultsByKeyword"/>
        <method signature="FilterMoreResultsByPropertyType.filterResultsByPropertyTypeLand(java.lang.String)[pri:0, instance:webTests.FilterMoreResultsByPropertyType@33c911a1]" name="filterResultsByPropertyTypeLand" class="webTests.FilterMoreResultsByPropertyType"/>
        <method signature="FilterMoreResultsBySquareFeet.filterResultsBySqFeet(java.lang.String, java.lang.String, java.lang.String)[pri:0, instance:webTests.FilterMoreResultsBySquareFeet@385e9564]" name="filterResultsBySqFeet" class="webTests.FilterMoreResultsBySquareFeet"/>
        <method signature="FilterMoreResultsByStatus.filterResultsByForSaleStatus(java.lang.String)[pri:3, instance:webTests.FilterMoreResultsByStatus@192c3f1e]" name="filterResultsByForSaleStatus" class="webTests.FilterMoreResultsByStatus"/>
        <method signature="FilterMoreResultsByStatus.filterResultsByPendingStatus(java.lang.String)[pri:1, instance:webTests.FilterMoreResultsByStatus@192c3f1e]" name="filterResultsByPendingStatus" class="webTests.FilterMoreResultsByStatus"/>
        <method signature="FilterMoreResultsByStatus.filterResultsBySoldStatus(java.lang.String)[pri:2, instance:webTests.FilterMoreResultsByStatus@192c3f1e]" name="filterResultsBySoldStatus" class="webTests.FilterMoreResultsByStatus"/>
        <method signature="FilterMoreResultsByYear.filterResultsByYear(java.lang.String, java.lang.String, java.lang.String)[pri:0, instance:webTests.FilterMoreResultsByYear@5c671d7f]" name="filterResultsByYear" class="webTests.FilterMoreResultsByYear"/>
        <method signature="FilterResultsByPriceBedBath.filterResultsByBeds(java.lang.String, java.lang.String)[pri:0, instance:webTests.FilterResultsByPriceBedBath@37271612]" name="filterResultsByBeds" class="webTests.FilterResultsByPriceBedBath"/>
        <method signature="FilterResultsByPriceBedBath.filterResultsByPrice(java.lang.String, java.lang.String, java.lang.String)[pri:0, instance:webTests.FilterResultsByPriceBedBath@37271612]" name="filterResultsByPrice" class="webTests.FilterResultsByPriceBedBath"/>
        <method signature="FilterResultsByPriceBedBath.filterResultsBybaths(java.lang.String, java.lang.String)[pri:0, instance:webTests.FilterResultsByPriceBedBath@37271612]" name="filterResultsBybaths" class="webTests.FilterResultsByPriceBedBath"/>
      </group> <!-- smoke -->
    </groups>
    <test name="CHROME-WEB-SEARCH-SPECIFIC-PROPERTY" duration-ms="15419" started-at="2019-11-30T23:55:04Z" finished-at="2019-11-30T23:55:19Z">
      <class name="webTests.SearchforSpecificProperty">
        <test-method status="PASS" signature="setDriver(java.lang.String, java.lang.String, java.lang.String, org.testng.ITestContext)[pri:0, instance:webTests.SearchforSpecificProperty@22fcf7ab]" name="setDriver" is-config="true" duration-ms="5007" started-at="2019-11-30T23:55:04Z" finished-at="2019-11-30T23:55:09Z">
          <params>
            <param index="0">
              <value>
                <![CDATA[chrome]]>
              </value>
            </param>
            <param index="1">
              <value>
                <![CDATA[LINUX]]>
              </value>
            </param>
            <param index="2">
              <value>
                <![CDATA[]]>
              </value>
            </param>
            <param index="3">
              <value>
                <![CDATA[org.testng.TestRunner@63e46feb]]>
              </value>
            </param>
          </params>
          <reporter-output>
          </reporter-output>
        </test-method> <!-- setDriver -->
        <test-method status="PASS" signature="searchSpecificProperty(java.lang.String)[pri:0, instance:webTests.SearchforSpecificProperty@22fcf7ab]" name="searchSpecificProperty" duration-ms="9796" started-at="2019-11-30T23:55:09Z" data-provider="getData" finished-at="2019-11-30T23:55:19Z">
          <params>
            <param index="0">
              <value>
                <![CDATA[12512 Brighton Place Tustin, CA 92780]]>
              </value>
            </param>
          </params>
          <reporter-output>
          </reporter-output>
        </test-method> <!-- searchSpecificProperty -->
        <test-method status="PASS" signature="OnFailure(org.testng.ITestResult)[pri:0, instance:webTests.SearchforSpecificProperty@22fcf7ab]" name="OnFailure" is-config="true" duration-ms="1" started-at="2019-11-30T23:55:19Z" finished-at="2019-11-30T23:55:19Z">
          <params>
            <param index="0">
              <value>
                <![CDATA[[TestResult name=searchSpecificProperty status=SUCCESS method=SearchforSpecificProperty.searchSpecificProperty(java.lang.String)[pri:0, instance:webTests.SearchforSpecificProperty@22fcf7ab] output={null}]]]>
              </value>
            </param>
          </params>
          <reporter-output>
          </reporter-output>
        </test-method> <!-- OnFailure -->
        <test-method status="PASS" signature="tearDown()[pri:0, instance:webTests.SearchforSpecificProperty@22fcf7ab]" name="tearDown" is-config="true" duration-ms="88" started-at="2019-11-30T23:55:19Z" finished-at="2019-11-30T23:55:19Z">
          <reporter-output>
          </reporter-output>
        </test-method> <!-- tearDown -->
      </class> <!-- webTests.SearchforSpecificProperty -->
    </test> <!-- CHROME-WEB-SEARCH-SPECIFIC-PROPERTY -->
    <test name="CHROME-WEB-FILTERMORERESULTS-By-KEYWORD" duration-ms="102160" started-at="2019-11-30T23:55:04Z" finished-at="2019-11-30T23:56:46Z">
      <class name="webTests.FilterMoreResultsByKeyword">
        <test-method status="PASS" signature="setDriver(java.lang.String, java.lang.String, java.lang.String, org.testng.ITestContext)[pri:0, instance:webTests.FilterMoreResultsByKeyword@1e66f1f5]" name="setDriver" is-config="true" duration-ms="5112" started-at="2019-11-30T23:55:04Z" finished-at="2019-11-30T23:55:09Z">
          <params>
            <param index="0">
              <value>
                <![CDATA[chrome]]>
              </value>
            </param>
            <param index="1">
              <value>
                <![CDATA[LINUX]]>
              </value>
            </param>
            <param index="2">
              <value>
                <![CDATA[]]>
              </value>
            </param>
            <param index="3">
              <value>
                <![CDATA[org.testng.TestRunner@8f9ab3f]]>
              </value>
            </param>
          </params>
          <reporter-output>
          </reporter-output>
        </test-method> <!-- setDriver -->
        <test-method status="PASS" signature="filterResultsByKeyword(java.lang.String, java.lang.String)[pri:0, instance:webTests.FilterMoreResultsByKeyword@1e66f1f5]" name="filterResultsByKeyword" duration-ms="96422" started-at="2019-11-30T23:55:09Z" data-provider="getData" finished-at="2019-11-30T23:56:46Z">
          <params>
            <param index="0">
              <value>
                <![CDATA[Irvine, CA]]>
              </value>
            </param>
            <param index="1">
              <value>
                <![CDATA[master bedroom]]>
              </value>
            </param>
          </params>
          <reporter-output>
          </reporter-output>
        </test-method> <!-- filterResultsByKeyword -->
        <test-method status="PASS" signature="tearDown()[pri:0, instance:webTests.FilterMoreResultsByKeyword@1e66f1f5]" name="tearDown" is-config="true" duration-ms="100" started-at="2019-11-30T23:56:46Z" finished-at="2019-11-30T23:56:46Z">
          <reporter-output>
          </reporter-output>
        </test-method> <!-- tearDown -->
        <test-method status="PASS" signature="OnFailure(org.testng.ITestResult)[pri:0, instance:webTests.FilterMoreResultsByKeyword@1e66f1f5]" name="OnFailure" is-config="true" duration-ms="0" started-at="2019-11-30T23:56:46Z" finished-at="2019-11-30T23:56:46Z">
          <params>
            <param index="0">
              <value>
                <![CDATA[[TestResult name=filterResultsByKeyword status=SUCCESS method=FilterMoreResultsByKeyword.filterResultsByKeyword(java.lang.String, java.lang.String)[pri:0, instance:webTests.FilterMoreResultsByKeyword@1e66f1f5] output={null}]]]>
              </value>
            </param>
          </params>
          <reporter-output>
          </reporter-output>
        </test-method> <!-- OnFailure -->
      </class> <!-- webTests.FilterMoreResultsByKeyword -->
    </test> <!-- CHROME-WEB-FILTERMORERESULTS-By-KEYWORD -->
    <test name="CHROME-CHROME-WEB-LOGIN-AND-SEARCH" duration-ms="102741" started-at="2019-11-30T23:55:04Z" finished-at="2019-11-30T23:56:46Z">
      <class name="webTests.Login_and_Search">
        <test-method status="PASS" signature="setDriver(java.lang.String, java.lang.String, java.lang.String, org.testng.ITestContext)[pri:0, instance:webTests.Login_and_Search@710f4dc7]" name="setDriver" is-config="true" duration-ms="5288" started-at="2019-11-30T23:55:04Z" finished-at="2019-11-30T23:55:09Z">
          <params>
            <param index="0">
              <value>
                <![CDATA[chrome]]>
              </value>
            </param>
            <param index="1">
              <value>
                <![CDATA[LINUX]]>
              </value>
            </param>
            <param index="2">
              <value>
                <![CDATA[]]>
              </value>
            </param>
            <param index="3">
              <value>
                <![CDATA[org.testng.TestRunner@4985f53d]]>
              </value>
            </param>
          </params>
          <reporter-output>
          </reporter-output>
        </test-method> <!-- setDriver -->
        <test-method status="PASS" signature="loginSearch(java.lang.String, java.lang.String, java.lang.String)[pri:0, instance:webTests.Login_and_Search@710f4dc7]" name="loginSearch" duration-ms="96861" started-at="2019-11-30T23:55:09Z" data-provider="getData" finished-at="2019-11-30T23:56:46Z">
          <params>
            <param index="0">
              <value>
                <![CDATA[sqatester2018@gmail.com]]>
              </value>
            </param>
            <param index="1">
              <value>
                <![CDATA[Automation123#]]>
              </value>
            </param>
            <param index="2">
              <value>
                <![CDATA[Irvine, CA]]>
              </value>
            </param>
          </params>
          <reporter-output>
          </reporter-output>
        </test-method> <!-- loginSearch -->
        <test-method status="PASS" signature="OnFailure(org.testng.ITestResult)[pri:0, instance:webTests.Login_and_Search@710f4dc7]" name="OnFailure" is-config="true" duration-ms="0" started-at="2019-11-30T23:56:46Z" finished-at="2019-11-30T23:56:46Z">
          <params>
            <param index="0">
              <value>
                <![CDATA[[TestResult name=loginSearch status=SUCCESS method=Login_and_Search.loginSearch(java.lang.String, java.lang.String, java.lang.String)[pri:0, instance:webTests.Login_and_Search@710f4dc7] output={null}]]]>
              </value>
            </param>
          </params>
          <reporter-output>
          </reporter-output>
        </test-method> <!-- OnFailure -->
        <test-method status="PASS" signature="tearDown()[pri:0, instance:webTests.Login_and_Search@710f4dc7]" name="tearDown" is-config="true" duration-ms="66" started-at="2019-11-30T23:56:46Z" finished-at="2019-11-30T23:56:46Z">
          <reporter-output>
          </reporter-output>
        </test-method> <!-- tearDown -->
      </class> <!-- webTests.Login_and_Search -->
    </test> <!-- CHROME-CHROME-WEB-LOGIN-AND-SEARCH -->
    <test name="CHROME-WEB-FILTERMORERESULTS-BY-PROPERTYTYPE" duration-ms="164099" started-at="2019-11-30T23:55:04Z" finished-at="2019-11-30T23:57:48Z">
      <class name="webTests.FilterMoreResultsByPropertyType">
        <test-method status="PASS" signature="setDriver(java.lang.String, java.lang.String, java.lang.String, org.testng.ITestContext)[pri:0, instance:webTests.FilterMoreResultsByPropertyType@33c911a1]" name="setDriver" is-config="true" duration-ms="106687" started-at="2019-11-30T23:55:04Z" finished-at="2019-11-30T23:56:51Z">
          <params>
            <param index="0">
              <value>
                <![CDATA[chrome]]>
              </value>
            </param>
            <param index="1">
              <value>
                <![CDATA[LINUX]]>
              </value>
            </param>
            <param index="2">
              <value>
                <![CDATA[]]>
              </value>
            </param>
            <param index="3">
              <value>
                <![CDATA[org.testng.TestRunner@6482ee0b]]>
              </value>
            </param>
          </params>
          <reporter-output>
          </reporter-output>
        </test-method> <!-- setDriver -->
        <test-method status="PASS" signature="filterResultsByPropertyTypeLand(java.lang.String)[pri:0, instance:webTests.FilterMoreResultsByPropertyType@33c911a1]" name="filterResultsByPropertyTypeLand" duration-ms="56628" started-at="2019-11-30T23:56:51Z" data-provider="getData" finished-at="2019-11-30T23:57:47Z">
          <params>
            <param index="0">
              <value>
                <![CDATA[Malibu, CA]]>
              </value>
            </param>
          </params>
          <reporter-output>
          </reporter-output>
        </test-method> <!-- filterResultsByPropertyTypeLand -->
        <test-method status="PASS" signature="tearDown()[pri:0, instance:webTests.FilterMoreResultsByPropertyType@33c911a1]" name="tearDown" is-config="true" duration-ms="257" started-at="2019-11-30T23:57:47Z" finished-at="2019-11-30T23:57:48Z">
          <reporter-output>
          </reporter-output>
        </test-method> <!-- tearDown -->
        <test-method status="PASS" signature="OnFailure(org.testng.ITestResult)[pri:0, instance:webTests.FilterMoreResultsByPropertyType@33c911a1]" name="OnFailure" is-config="true" duration-ms="0" started-at="2019-11-30T23:57:47Z" finished-at="2019-11-30T23:57:47Z">
          <params>
            <param index="0">
              <value>
                <![CDATA[[TestResult name=filterResultsByPropertyTypeLand status=SUCCESS method=FilterMoreResultsByPropertyType.filterResultsByPropertyTypeLand(java.lang.String)[pri:0, instance:webTests.FilterMoreResultsByPropertyType@33c911a1] output={null}]]]>
              </value>
            </param>
          </params>
          <reporter-output>
          </reporter-output>
        </test-method> <!-- OnFailure -->
      </class> <!-- webTests.FilterMoreResultsByPropertyType -->
    </test> <!-- CHROME-WEB-FILTERMORERESULTS-BY-PROPERTYTYPE -->
    <test name="CHROME-WEB-FILTERMORERESULTS-BY-SQUAREFEET" duration-ms="144494" started-at="2019-11-30T23:55:24Z" finished-at="2019-11-30T23:57:49Z">
      <class name="webTests.FilterMoreResultsBySquareFeet">
        <test-method status="PASS" signature="setDriver(java.lang.String, java.lang.String, java.lang.String, org.testng.ITestContext)[pri:0, instance:webTests.FilterMoreResultsBySquareFeet@385e9564]" name="setDriver" is-config="true" duration-ms="87085" started-at="2019-11-30T23:55:24Z" finished-at="2019-11-30T23:56:51Z">
          <params>
            <param index="0">
              <value>
                <![CDATA[chrome]]>
              </value>
            </param>
            <param index="1">
              <value>
                <![CDATA[LINUX]]>
              </value>
            </param>
            <param index="2">
              <value>
                <![CDATA[]]>
              </value>
            </param>
            <param index="3">
              <value>
                <![CDATA[org.testng.TestRunner@586f90d0]]>
              </value>
            </param>
          </params>
          <reporter-output>
          </reporter-output>
        </test-method> <!-- setDriver -->
        <test-method status="PASS" signature="filterResultsBySqFeet(java.lang.String, java.lang.String, java.lang.String)[pri:0, instance:webTests.FilterMoreResultsBySquareFeet@385e9564]" name="filterResultsBySqFeet" duration-ms="57265" started-at="2019-11-30T23:56:51Z" data-provider="getData" finished-at="2019-11-30T23:57:49Z">
          <params>
            <param index="0">
              <value>
                <![CDATA[Irvine, CA]]>
              </value>
            </param>
            <param index="1">
              <value>
                <![CDATA[750]]>
              </value>
            </param>
            <param index="2">
              <value>
                <![CDATA[1000]]>
              </value>
            </param>
          </params>
          <reporter-output>
          </reporter-output>
        </test-method> <!-- filterResultsBySqFeet -->
        <test-method status="PASS" signature="tearDown()[pri:0, instance:webTests.FilterMoreResultsBySquareFeet@385e9564]" name="tearDown" is-config="true" duration-ms="64" started-at="2019-11-30T23:57:49Z" finished-at="2019-11-30T23:57:49Z">
          <reporter-output>
          </reporter-output>
        </test-method> <!-- tearDown -->
        <test-method status="PASS" signature="OnFailure(org.testng.ITestResult)[pri:0, instance:webTests.FilterMoreResultsBySquareFeet@385e9564]" name="OnFailure" is-config="true" duration-ms="0" started-at="2019-11-30T23:57:49Z" finished-at="2019-11-30T23:57:49Z">
          <params>
            <param index="0">
              <value>
                <![CDATA[[TestResult name=filterResultsBySqFeet status=SUCCESS method=FilterMoreResultsBySquareFeet.filterResultsBySqFeet(java.lang.String, java.lang.String, java.lang.String)[pri:0, instance:webTests.FilterMoreResultsBySquareFeet@385e9564] output={null}]]]>
              </value>
            </param>
          </params>
          <reporter-output>
          </reporter-output>
        </test-method> <!-- OnFailure -->
      </class> <!-- webTests.FilterMoreResultsBySquareFeet -->
    </test> <!-- CHROME-WEB-FILTERMORERESULTS-BY-SQUAREFEET -->
    <test name="CHROME-WEB-FILTERMORRESULTS-BY-YEAR" duration-ms="132665" started-at="2019-11-30T23:56:56Z" finished-at="2019-11-30T23:59:08Z">
      <class name="webTests.FilterMoreResultsByYear">
        <test-method status="PASS" signature="setDriver(java.lang.String, java.lang.String, java.lang.String, org.testng.ITestContext)[pri:0, instance:webTests.FilterMoreResultsByYear@5c671d7f]" name="setDriver" is-config="true" duration-ms="56889" started-at="2019-11-30T23:56:56Z" finished-at="2019-11-30T23:57:53Z">
          <params>
            <param index="0">
              <value>
                <![CDATA[chrome]]>
              </value>
            </param>
            <param index="1">
              <value>
                <![CDATA[LINUX]]>
              </value>
            </param>
            <param index="2">
              <value>
                <![CDATA[]]>
              </value>
            </param>
            <param index="3">
              <value>
                <![CDATA[org.testng.TestRunner@21601bca]]>
              </value>
            </param>
          </params>
          <reporter-output>
          </reporter-output>
        </test-method> <!-- setDriver -->
        <test-method status="PASS" signature="filterResultsByYear(java.lang.String, java.lang.String, java.lang.String)[pri:0, instance:webTests.FilterMoreResultsByYear@5c671d7f]" name="filterResultsByYear" duration-ms="75654" started-at="2019-11-30T23:57:53Z" data-provider="getData" finished-at="2019-11-30T23:59:08Z">
          <params>
            <param index="0">
              <value>
                <![CDATA[Irvine, CA]]>
              </value>
            </param>
            <param index="1">
              <value>
                <![CDATA[2000]]>
              </value>
            </param>
            <param index="2">
              <value>
                <![CDATA[2017]]>
              </value>
            </param>
          </params>
          <reporter-output>
          </reporter-output>
        </test-method> <!-- filterResultsByYear -->
        <test-method status="PASS" signature="OnFailure(org.testng.ITestResult)[pri:0, instance:webTests.FilterMoreResultsByYear@5c671d7f]" name="OnFailure" is-config="true" duration-ms="1" started-at="2019-11-30T23:59:08Z" finished-at="2019-11-30T23:59:08Z">
          <params>
            <param index="0">
              <value>
                <![CDATA[[TestResult name=filterResultsByYear status=SUCCESS method=FilterMoreResultsByYear.filterResultsByYear(java.lang.String, java.lang.String, java.lang.String)[pri:0, instance:webTests.FilterMoreResultsByYear@5c671d7f] output={null}]]]>
              </value>
            </param>
          </params>
          <reporter-output>
          </reporter-output>
        </test-method> <!-- OnFailure -->
        <test-method status="PASS" signature="tearDown()[pri:0, instance:webTests.FilterMoreResultsByYear@5c671d7f]" name="tearDown" is-config="true" duration-ms="65" started-at="2019-11-30T23:59:08Z" finished-at="2019-11-30T23:59:08Z">
          <reporter-output>
          </reporter-output>
        </test-method> <!-- tearDown -->
      </class> <!-- webTests.FilterMoreResultsByYear -->
    </test> <!-- CHROME-WEB-FILTERMORRESULTS-BY-YEAR -->
    <test name="CHROME-WEB-SORTRESULTS-BY-PRICEBEDBATH" duration-ms="324030" started-at="2019-11-30T23:55:04Z" finished-at="2019-12-01T00:00:28Z">
      <class name="webTests.SortResultsByPriceBedBath">
        <test-method status="PASS" signature="setDriver(java.lang.String, java.lang.String, java.lang.String, org.testng.ITestContext)[pri:0, instance:webTests.SortResultsByPriceBedBath@bccb269]" name="setDriver" is-config="true" duration-ms="26159" started-at="2019-11-30T23:55:04Z" finished-at="2019-11-30T23:55:30Z">
          <params>
            <param index="0">
              <value>
                <![CDATA[chrome]]>
              </value>
            </param>
            <param index="1">
              <value>
                <![CDATA[LINUX]]>
              </value>
            </param>
            <param index="2">
              <value>
                <![CDATA[]]>
              </value>
            </param>
            <param index="3">
              <value>
                <![CDATA[org.testng.TestRunner@73a29fb6]]>
              </value>
            </param>
          </params>
          <reporter-output>
          </reporter-output>
        </test-method> <!-- setDriver -->
        <test-method status="PASS" signature="sortResultsByBaths(java.lang.String)[pri:0, instance:webTests.SortResultsByPriceBedBath@bccb269]" name="sortResultsByBaths" duration-ms="101329" started-at="2019-11-30T23:55:30Z" data-provider="getData" finished-at="2019-11-30T23:57:12Z">
          <params>
            <param index="0">
              <value>
                <![CDATA[San Marino, CA]]>
              </value>
            </param>
          </params>
          <reporter-output>
          </reporter-output>
        </test-method> <!-- sortResultsByBaths -->
        <test-method status="PASS" signature="OnFailure(org.testng.ITestResult)[pri:0, instance:webTests.SortResultsByPriceBedBath@bccb269]" name="OnFailure" is-config="true" duration-ms="0" started-at="2019-11-30T23:57:12Z" finished-at="2019-11-30T23:57:12Z">
          <params>
            <param index="0">
              <value>
                <![CDATA[[TestResult name=sortResultsByBaths status=SUCCESS method=SortResultsByPriceBedBath.sortResultsByBaths(java.lang.String)[pri:0, instance:webTests.SortResultsByPriceBedBath@bccb269] output={null}]]]>
              </value>
            </param>
          </params>
          <reporter-output>
          </reporter-output>
        </test-method> <!-- OnFailure -->
        <test-method status="PASS" signature="tearDown()[pri:0, instance:webTests.SortResultsByPriceBedBath@bccb269]" name="tearDown" is-config="true" duration-ms="107" started-at="2019-11-30T23:57:12Z" finished-at="2019-11-30T23:57:12Z">
          <reporter-output>
          </reporter-output>
        </test-method> <!-- tearDown -->
        <test-method status="PASS" signature="setDriver(java.lang.String, java.lang.String, java.lang.String, org.testng.ITestContext)[pri:0, instance:webTests.SortResultsByPriceBedBath@bccb269]" name="setDriver" is-config="true" duration-ms="41401" started-at="2019-11-30T23:57:12Z" finished-at="2019-11-30T23:57:53Z">
          <params>
            <param index="0">
              <value>
                <![CDATA[chrome]]>
              </value>
            </param>
            <param index="1">
              <value>
                <![CDATA[LINUX]]>
              </value>
            </param>
            <param index="2">
              <value>
                <![CDATA[]]>
              </value>
            </param>
            <param index="3">
              <value>
                <![CDATA[org.testng.TestRunner@73a29fb6]]>
              </value>
            </param>
          </params>
          <reporter-output>
          </reporter-output>
        </test-method> <!-- setDriver -->
        <test-method status="PASS" signature="sortResultsByBeds(java.lang.String)[pri:0, instance:webTests.SortResultsByPriceBedBath@bccb269]" name="sortResultsByBeds" duration-ms="74822" started-at="2019-11-30T23:57:53Z" data-provider="getData" finished-at="2019-11-30T23:59:08Z">
          <params>
            <param index="0">
              <value>
                <![CDATA[Milpitas, CA]]>
              </value>
            </param>
          </params>
          <reporter-output>
          </reporter-output>
        </test-method> <!-- sortResultsByBeds -->
        <test-method status="PASS" signature="OnFailure(org.testng.ITestResult)[pri:0, instance:webTests.SortResultsByPriceBedBath@bccb269]" name="OnFailure" is-config="true" duration-ms="0" started-at="2019-11-30T23:59:08Z" finished-at="2019-11-30T23:59:08Z">
          <params>
            <param index="0">
              <value>
                <![CDATA[[TestResult name=sortResultsByBeds status=SUCCESS method=SortResultsByPriceBedBath.sortResultsByBeds(java.lang.String)[pri:0, instance:webTests.SortResultsByPriceBedBath@bccb269] output={null}]]]>
              </value>
            </param>
          </params>
          <reporter-output>
          </reporter-output>
        </test-method> <!-- OnFailure -->
        <test-method status="PASS" signature="tearDown()[pri:0, instance:webTests.SortResultsByPriceBedBath@bccb269]" name="tearDown" is-config="true" duration-ms="79" started-at="2019-11-30T23:59:08Z" finished-at="2019-11-30T23:59:08Z">
          <reporter-output>
          </reporter-output>
        </test-method> <!-- tearDown -->
        <test-method status="PASS" signature="setDriver(java.lang.String, java.lang.String, java.lang.String, org.testng.ITestContext)[pri:0, instance:webTests.SortResultsByPriceBedBath@bccb269]" name="setDriver" is-config="true" duration-ms="5241" started-at="2019-11-30T23:59:08Z" finished-at="2019-11-30T23:59:13Z">
          <params>
            <param index="0">
              <value>
                <![CDATA[chrome]]>
              </value>
            </param>
            <param index="1">
              <value>
                <![CDATA[LINUX]]>
              </value>
            </param>
            <param index="2">
              <value>
                <![CDATA[]]>
              </value>
            </param>
            <param index="3">
              <value>
                <![CDATA[org.testng.TestRunner@73a29fb6]]>
              </value>
            </param>
          </params>
          <reporter-output>
          </reporter-output>
        </test-method> <!-- setDriver -->
        <test-method status="PASS" signature="sortResultsByMostRecent(java.lang.String)[pri:0, instance:webTests.SortResultsByPriceBedBath@bccb269]" name="sortResultsByMostRecent" duration-ms="31244" started-at="2019-11-30T23:59:13Z" data-provider="getData" finished-at="2019-11-30T23:59:45Z">
          <params>
            <param index="0">
              <value>
                <![CDATA[Irvine, CA]]>
              </value>
            </param>
          </params>
          <reporter-output>
          </reporter-output>
        </test-method> <!-- sortResultsByMostRecent -->
        <test-method status="PASS" signature="OnFailure(org.testng.ITestResult)[pri:0, instance:webTests.SortResultsByPriceBedBath@bccb269]" name="OnFailure" is-config="true" duration-ms="0" started-at="2019-11-30T23:59:45Z" finished-at="2019-11-30T23:59:45Z">
          <params>
            <param index="0">
              <value>
                <![CDATA[[TestResult name=sortResultsByMostRecent status=SUCCESS method=SortResultsByPriceBedBath.sortResultsByMostRecent(java.lang.String)[pri:0, instance:webTests.SortResultsByPriceBedBath@bccb269] output={null}]]]>
              </value>
            </param>
          </params>
          <reporter-output>
          </reporter-output>
        </test-method> <!-- OnFailure -->
        <test-method status="PASS" signature="tearDown()[pri:0, instance:webTests.SortResultsByPriceBedBath@bccb269]" name="tearDown" is-config="true" duration-ms="78" started-at="2019-11-30T23:59:45Z" finished-at="2019-11-30T23:59:45Z">
          <reporter-output>
          </reporter-output>
        </test-method> <!-- tearDown -->
        <test-method status="PASS" signature="setDriver(java.lang.String, java.lang.String, java.lang.String, org.testng.ITestContext)[pri:0, instance:webTests.SortResultsByPriceBedBath@bccb269]" name="setDriver" is-config="true" duration-ms="5054" started-at="2019-11-30T23:59:45Z" finished-at="2019-11-30T23:59:50Z">
          <params>
            <param index="0">
              <value>
                <![CDATA[chrome]]>
              </value>
            </param>
            <param index="1">
              <value>
                <![CDATA[LINUX]]>
              </value>
            </param>
            <param index="2">
              <value>
                <![CDATA[]]>
              </value>
            </param>
            <param index="3">
              <value>
                <![CDATA[org.testng.TestRunner@73a29fb6]]>
              </value>
            </param>
          </params>
          <reporter-output>
          </reporter-output>
        </test-method> <!-- setDriver -->
        <test-method status="PASS" signature="sortResultsByPrice(java.lang.String)[pri:0, instance:webTests.SortResultsByPriceBedBath@bccb269]" name="sortResultsByPrice" duration-ms="37783" started-at="2019-11-30T23:59:50Z" data-provider="getData" finished-at="2019-12-01T00:00:28Z">
          <params>
            <param index="0">
              <value>
                <![CDATA[Irvine, CA]]>
              </value>
            </param>
          </params>
          <reporter-output>
          </reporter-output>
        </test-method> <!-- sortResultsByPrice -->
        <test-method status="PASS" signature="tearDown()[pri:0, instance:webTests.SortResultsByPriceBedBath@bccb269]" name="tearDown" is-config="true" duration-ms="91" started-at="2019-12-01T00:00:28Z" finished-at="2019-12-01T00:00:28Z">
          <reporter-output>
          </reporter-output>
        </test-method> <!-- tearDown -->
        <test-method status="PASS" signature="OnFailure(org.testng.ITestResult)[pri:0, instance:webTests.SortResultsByPriceBedBath@bccb269]" name="OnFailure" is-config="true" duration-ms="0" started-at="2019-12-01T00:00:28Z" finished-at="2019-12-01T00:00:28Z">
          <params>
            <param index="0">
              <value>
                <![CDATA[[TestResult name=sortResultsByPrice status=SUCCESS method=SortResultsByPriceBedBath.sortResultsByPrice(java.lang.String)[pri:0, instance:webTests.SortResultsByPriceBedBath@bccb269] output={null}]]]>
              </value>
            </param>
          </params>
          <reporter-output>
          </reporter-output>
        </test-method> <!-- OnFailure -->
      </class> <!-- webTests.SortResultsByPriceBedBath -->
    </test> <!-- CHROME-WEB-SORTRESULTS-BY-PRICEBEDBATH -->
    <test name="CHROME-WEB-FILTERMORERESULTS-BY-STATUS" duration-ms="225842" started-at="2019-11-30T23:56:51Z" finished-at="2019-12-01T00:00:37Z">
      <class name="webTests.FilterMoreResultsByStatus">
        <test-method status="PASS" signature="setDriver(java.lang.String, java.lang.String, java.lang.String, org.testng.ITestContext)[pri:0, instance:webTests.FilterMoreResultsByStatus@192c3f1e]" name="setDriver" is-config="true" duration-ms="25688" started-at="2019-11-30T23:56:51Z" finished-at="2019-11-30T23:57:17Z">
          <params>
            <param index="0">
              <value>
                <![CDATA[chrome]]>
              </value>
            </param>
            <param index="1">
              <value>
                <![CDATA[LINUX]]>
              </value>
            </param>
            <param index="2">
              <value>
                <![CDATA[]]>
              </value>
            </param>
            <param index="3">
              <value>
                <![CDATA[org.testng.TestRunner@3cb4bfb0]]>
              </value>
            </param>
          </params>
          <reporter-output>
          </reporter-output>
        </test-method> <!-- setDriver -->
        <test-method status="PASS" signature="filterResultsByPendingStatus(java.lang.String)[pri:1, instance:webTests.FilterMoreResultsByStatus@192c3f1e]" name="filterResultsByPendingStatus" duration-ms="99411" started-at="2019-11-30T23:57:17Z" data-provider="getData" finished-at="2019-11-30T23:58:56Z">
          <params>
            <param index="0">
              <value>
                <![CDATA[Irvine, CA]]>
              </value>
            </param>
          </params>
          <reporter-output>
          </reporter-output>
        </test-method> <!-- filterResultsByPendingStatus -->
        <test-method status="PASS" signature="OnFailure(org.testng.ITestResult)[pri:0, instance:webTests.FilterMoreResultsByStatus@192c3f1e]" name="OnFailure" is-config="true" duration-ms="0" started-at="2019-11-30T23:58:56Z" finished-at="2019-11-30T23:58:56Z">
          <params>
            <param index="0">
              <value>
                <![CDATA[[TestResult name=filterResultsByPendingStatus status=SUCCESS method=FilterMoreResultsByStatus.filterResultsByPendingStatus(java.lang.String)[pri:1, instance:webTests.FilterMoreResultsByStatus@192c3f1e] output={null}]]]>
              </value>
            </param>
          </params>
          <reporter-output>
          </reporter-output>
        </test-method> <!-- OnFailure -->
        <test-method status="PASS" signature="tearDown()[pri:0, instance:webTests.FilterMoreResultsByStatus@192c3f1e]" name="tearDown" is-config="true" duration-ms="81" started-at="2019-11-30T23:58:56Z" finished-at="2019-11-30T23:58:56Z">
          <reporter-output>
          </reporter-output>
        </test-method> <!-- tearDown -->
        <test-method status="PASS" signature="setDriver(java.lang.String, java.lang.String, java.lang.String, org.testng.ITestContext)[pri:0, instance:webTests.FilterMoreResultsByStatus@192c3f1e]" name="setDriver" is-config="true" duration-ms="17179" started-at="2019-11-30T23:58:56Z" finished-at="2019-11-30T23:59:13Z">
          <params>
            <param index="0">
              <value>
                <![CDATA[chrome]]>
              </value>
            </param>
            <param index="1">
              <value>
                <![CDATA[LINUX]]>
              </value>
            </param>
            <param index="2">
              <value>
                <![CDATA[]]>
              </value>
            </param>
            <param index="3">
              <value>
                <![CDATA[org.testng.TestRunner@3cb4bfb0]]>
              </value>
            </param>
          </params>
          <reporter-output>
          </reporter-output>
        </test-method> <!-- setDriver -->
        <test-method status="PASS" signature="filterResultsBySoldStatus(java.lang.String)[pri:2, instance:webTests.FilterMoreResultsByStatus@192c3f1e]" name="filterResultsBySoldStatus" duration-ms="32430" started-at="2019-11-30T23:59:13Z" data-provider="getData" finished-at="2019-11-30T23:59:46Z">
          <params>
            <param index="0">
              <value>
                <![CDATA[Irvine, CA]]>
              </value>
            </param>
          </params>
          <reporter-output>
          </reporter-output>
        </test-method> <!-- filterResultsBySoldStatus -->
        <test-method status="PASS" signature="OnFailure(org.testng.ITestResult)[pri:0, instance:webTests.FilterMoreResultsByStatus@192c3f1e]" name="OnFailure" is-config="true" duration-ms="1" started-at="2019-11-30T23:59:46Z" finished-at="2019-11-30T23:59:46Z">
          <params>
            <param index="0">
              <value>
                <![CDATA[[TestResult name=filterResultsBySoldStatus status=SUCCESS method=FilterMoreResultsByStatus.filterResultsBySoldStatus(java.lang.String)[pri:2, instance:webTests.FilterMoreResultsByStatus@192c3f1e] output={null}]]]>
              </value>
            </param>
          </params>
          <reporter-output>
          </reporter-output>
        </test-method> <!-- OnFailure -->
        <test-method status="PASS" signature="tearDown()[pri:0, instance:webTests.FilterMoreResultsByStatus@192c3f1e]" name="tearDown" is-config="true" duration-ms="68" started-at="2019-11-30T23:59:46Z" finished-at="2019-11-30T23:59:46Z">
          <reporter-output>
          </reporter-output>
        </test-method> <!-- tearDown -->
        <test-method status="PASS" signature="setDriver(java.lang.String, java.lang.String, java.lang.String, org.testng.ITestContext)[pri:0, instance:webTests.FilterMoreResultsByStatus@192c3f1e]" name="setDriver" is-config="true" duration-ms="4483" started-at="2019-11-30T23:59:46Z" finished-at="2019-11-30T23:59:50Z">
          <params>
            <param index="0">
              <value>
                <![CDATA[chrome]]>
              </value>
            </param>
            <param index="1">
              <value>
                <![CDATA[LINUX]]>
              </value>
            </param>
            <param index="2">
              <value>
                <![CDATA[]]>
              </value>
            </param>
            <param index="3">
              <value>
                <![CDATA[org.testng.TestRunner@3cb4bfb0]]>
              </value>
            </param>
          </params>
          <reporter-output>
          </reporter-output>
        </test-method> <!-- setDriver -->
        <test-method status="PASS" signature="filterResultsByForSaleStatus(java.lang.String)[pri:3, instance:webTests.FilterMoreResultsByStatus@192c3f1e]" name="filterResultsByForSaleStatus" duration-ms="46302" started-at="2019-11-30T23:59:50Z" data-provider="getData" finished-at="2019-12-01T00:00:37Z">
          <params>
            <param index="0">
              <value>
                <![CDATA[Irvine, CA]]>
              </value>
            </param>
          </params>
          <reporter-output>
          </reporter-output>
        </test-method> <!-- filterResultsByForSaleStatus -->
        <test-method status="PASS" signature="OnFailure(org.testng.ITestResult)[pri:0, instance:webTests.FilterMoreResultsByStatus@192c3f1e]" name="OnFailure" is-config="true" duration-ms="0" started-at="2019-12-01T00:00:37Z" finished-at="2019-12-01T00:00:37Z">
          <params>
            <param index="0">
              <value>
                <![CDATA[[TestResult name=filterResultsByForSaleStatus status=SUCCESS method=FilterMoreResultsByStatus.filterResultsByForSaleStatus(java.lang.String)[pri:3, instance:webTests.FilterMoreResultsByStatus@192c3f1e] output={null}]]]>
              </value>
            </param>
          </params>
          <reporter-output>
          </reporter-output>
        </test-method> <!-- OnFailure -->
        <test-method status="PASS" signature="tearDown()[pri:0, instance:webTests.FilterMoreResultsByStatus@192c3f1e]" name="tearDown" is-config="true" duration-ms="59" started-at="2019-12-01T00:00:37Z" finished-at="2019-12-01T00:00:37Z">
          <reporter-output>
          </reporter-output>
        </test-method> <!-- tearDown -->
      </class> <!-- webTests.FilterMoreResultsByStatus -->
    </test> <!-- CHROME-WEB-FILTERMORERESULTS-BY-STATUS -->
    <test name="CHROME-WEB-FILTERRESULTS-BY-PRICEBEDBATH" duration-ms="164265" started-at="2019-11-30T23:57:53Z" finished-at="2019-12-01T00:00:37Z">
      <class name="webTests.FilterResultsByPriceBedBath">
        <test-method status="PASS" signature="setDriver(java.lang.String, java.lang.String, java.lang.String, org.testng.ITestContext)[pri:0, instance:webTests.FilterResultsByPriceBedBath@37271612]" name="setDriver" is-config="true" duration-ms="68201" started-at="2019-11-30T23:57:53Z" finished-at="2019-11-30T23:59:01Z">
          <params>
            <param index="0">
              <value>
                <![CDATA[chrome]]>
              </value>
            </param>
            <param index="1">
              <value>
                <![CDATA[LINUX]]>
              </value>
            </param>
            <param index="2">
              <value>
                <![CDATA[]]>
              </value>
            </param>
            <param index="3">
              <value>
                <![CDATA[org.testng.TestRunner@c4b48b4]]>
              </value>
            </param>
          </params>
          <reporter-output>
          </reporter-output>
        </test-method> <!-- setDriver -->
        <test-method status="PASS" signature="filterResultsByBeds(java.lang.String, java.lang.String)[pri:0, instance:webTests.FilterResultsByPriceBedBath@37271612]" name="filterResultsByBeds" duration-ms="19785" started-at="2019-11-30T23:59:01Z" data-provider="getData" finished-at="2019-11-30T23:59:21Z">
          <params>
            <param index="0">
              <value>
                <![CDATA[Irvine, CA]]>
              </value>
            </param>
            <param index="1">
              <value>
                <![CDATA[3]]>
              </value>
            </param>
          </params>
          <reporter-output>
          </reporter-output>
        </test-method> <!-- filterResultsByBeds -->
        <test-method status="PASS" signature="OnFailure(org.testng.ITestResult)[pri:0, instance:webTests.FilterResultsByPriceBedBath@37271612]" name="OnFailure" is-config="true" duration-ms="0" started-at="2019-11-30T23:59:21Z" finished-at="2019-11-30T23:59:21Z">
          <params>
            <param index="0">
              <value>
                <![CDATA[[TestResult name=filterResultsByBeds status=SUCCESS method=FilterResultsByPriceBedBath.filterResultsByBeds(java.lang.String, java.lang.String)[pri:0, instance:webTests.FilterResultsByPriceBedBath@37271612] output={null}]]]>
              </value>
            </param>
          </params>
          <reporter-output>
          </reporter-output>
        </test-method> <!-- OnFailure -->
        <test-method status="PASS" signature="tearDown()[pri:0, instance:webTests.FilterResultsByPriceBedBath@37271612]" name="tearDown" is-config="true" duration-ms="66" started-at="2019-11-30T23:59:21Z" finished-at="2019-11-30T23:59:21Z">
          <reporter-output>
          </reporter-output>
        </test-method> <!-- tearDown -->
        <test-method status="PASS" signature="setDriver(java.lang.String, java.lang.String, java.lang.String, org.testng.ITestContext)[pri:0, instance:webTests.FilterResultsByPriceBedBath@37271612]" name="setDriver" is-config="true" duration-ms="4960" started-at="2019-11-30T23:59:21Z" finished-at="2019-11-30T23:59:26Z">
          <params>
            <param index="0">
              <value>
                <![CDATA[chrome]]>
              </value>
            </param>
            <param index="1">
              <value>
                <![CDATA[LINUX]]>
              </value>
            </param>
            <param index="2">
              <value>
                <![CDATA[]]>
              </value>
            </param>
            <param index="3">
              <value>
                <![CDATA[org.testng.TestRunner@c4b48b4]]>
              </value>
            </param>
          </params>
          <reporter-output>
          </reporter-output>
        </test-method> <!-- setDriver -->
        <test-method status="FAIL" signature="filterResultsByPrice(java.lang.String, java.lang.String, java.lang.String)[pri:0, instance:webTests.FilterResultsByPriceBedBath@37271612]" name="filterResultsByPrice" duration-ms="53672" started-at="2019-11-30T23:59:26Z" data-provider="getData" finished-at="2019-12-01T00:00:20Z">
          <params>
            <param index="0">
              <value>
                <![CDATA[Irvine, CA]]>
              </value>
            </param>
            <param index="1">
              <value>
                <![CDATA[800,000]]>
              </value>
            </param>
            <param index="2">
              <value>
                <![CDATA[1,300,000]]>
              </value>
            </param>
          </params>
          <exception class="java.lang.AssertionError">
            <message>
              <![CDATA[The following asserts failed:
null]]>
            </message>
            <full-stacktrace>
              <![CDATA[java.lang.AssertionError: The following asserts failed:
null
at org.testng.asserts.SoftAssert.assertAll(SoftAssert.java:43)
at webTests.FilterResultsByPriceBedBath.filterResultsByPrice(FilterResultsByPriceBedBath.java:61)
at sun.reflect.NativeMethodAccessorImpl.invoke0(Native Method)
at sun.reflect.NativeMethodAccessorImpl.invoke(NativeMethodAccessorImpl.java:62)
at sun.reflect.DelegatingMethodAccessorImpl.invoke(DelegatingMethodAccessorImpl.java:43)
at java.lang.reflect.Method.invoke(Method.java:498)
at org.testng.internal.MethodInvocationHelper.invokeMethod(MethodInvocationHelper.java:124)
at org.testng.internal.Invoker.invokeMethod(Invoker.java:583)
at org.testng.internal.Invoker.invokeTestMethod(Invoker.java:719)
at org.testng.internal.TestMethodWithDataProviderMethodWorker.call(TestMethodWithDataProviderMethodWorker.java:71)
at org.testng.internal.TestMethodWithDataProviderMethodWorker.call(TestMethodWithDataProviderMethodWorker.java:14)
at java.util.concurrent.FutureTask.run(FutureTask.java:266)
at java.util.concurrent.Executors$RunnableAdapter.call(Executors.java:511)
at java.util.concurrent.FutureTask.run(FutureTask.java:266)
at java.util.concurrent.ThreadPoolExecutor.runWorker(ThreadPoolExecutor.java:1149)
at java.util.concurrent.ThreadPoolExecutor$Worker.run(ThreadPoolExecutor.java:624)
at java.lang.Thread.run(Thread.java:748)
]]>
            </full-stacktrace>
          </exception> <!-- java.lang.AssertionError -->
          <reporter-output>
          </reporter-output>
        </test-method> <!-- filterResultsByPrice -->
        <test-method status="PASS" signature="OnFailure(org.testng.ITestResult)[pri:0, instance:webTests.FilterResultsByPriceBedBath@37271612]" name="OnFailure" is-config="true" duration-ms="0" started-at="2019-12-01T00:00:20Z" finished-at="2019-12-01T00:00:20Z">
          <params>
            <param index="0">
              <value>
                <![CDATA[[TestResult name=filterResultsByPrice status=FAILURE method=FilterResultsByPriceBedBath.filterResultsByPrice(java.lang.String, java.lang.String, java.lang.String)[pri:0, instance:webTests.FilterResultsByPriceBedBath@37271612] output={null}]]]>
              </value>
            </param>
          </params>
          <reporter-output>
          </reporter-output>
        </test-method> <!-- OnFailure -->
        <test-method status="PASS" signature="tearDown()[pri:0, instance:webTests.FilterResultsByPriceBedBath@37271612]" name="tearDown" is-config="true" duration-ms="119" started-at="2019-12-01T00:00:20Z" finished-at="2019-12-01T00:00:20Z">
          <reporter-output>
          </reporter-output>
        </test-method> <!-- tearDown -->
        <test-method status="PASS" signature="setDriver(java.lang.String, java.lang.String, java.lang.String, org.testng.ITestContext)[pri:0, instance:webTests.FilterResultsByPriceBedBath@37271612]" name="setDriver" is-config="true" duration-ms="4525" started-at="2019-12-01T00:00:20Z" finished-at="2019-12-01T00:00:24Z">
          <params>
            <param index="0">
              <value>
                <![CDATA[chrome]]>
              </value>
            </param>
            <param index="1">
              <value>
                <![CDATA[LINUX]]>
              </value>
            </param>
            <param index="2">
              <value>
                <![CDATA[]]>
              </value>
            </param>
            <param index="3">
              <value>
                <![CDATA[org.testng.TestRunner@c4b48b4]]>
              </value>
            </param>
          </params>
          <reporter-output>
          </reporter-output>
        </test-method> <!-- setDriver -->
        <test-method status="FAIL" signature="filterResultsBybaths(java.lang.String, java.lang.String)[pri:0, instance:webTests.FilterResultsByPriceBedBath@37271612]" name="filterResultsBybaths" duration-ms="12769" started-at="2019-12-01T00:00:24Z" data-provider="getData" finished-at="2019-12-01T00:00:37Z">
          <params>
            <param index="0">
              <value>
                <![CDATA[Irvine, CA]]>
              </value>
            </param>
            <param index="1">
              <value>
                <![CDATA[3]]>
              </value>
            </param>
          </params>
          <exception class="java.lang.AssertionError">
            <message>
              <![CDATA[The following asserts failed:
null]]>
            </message>
            <full-stacktrace>
              <![CDATA[java.lang.AssertionError: The following asserts failed:
null
at org.testng.asserts.SoftAssert.assertAll(SoftAssert.java:43)
at webTests.FilterResultsByPriceBedBath.filterResultsBybaths(FilterResultsByPriceBedBath.java:115)
at sun.reflect.NativeMethodAccessorImpl.invoke0(Native Method)
at sun.reflect.NativeMethodAccessorImpl.invoke(NativeMethodAccessorImpl.java:62)
at sun.reflect.DelegatingMethodAccessorImpl.invoke(DelegatingMethodAccessorImpl.java:43)
at java.lang.reflect.Method.invoke(Method.java:498)
at org.testng.internal.MethodInvocationHelper.invokeMethod(MethodInvocationHelper.java:124)
at org.testng.internal.Invoker.invokeMethod(Invoker.java:583)
at org.testng.internal.Invoker.invokeTestMethod(Invoker.java:719)
at org.testng.internal.TestMethodWithDataProviderMethodWorker.call(TestMethodWithDataProviderMethodWorker.java:71)
at org.testng.internal.TestMethodWithDataProviderMethodWorker.call(TestMethodWithDataProviderMethodWorker.java:14)
at java.util.concurrent.FutureTask.run(FutureTask.java:266)
at java.util.concurrent.Executors$RunnableAdapter.call(Executors.java:511)
at java.util.concurrent.FutureTask.run(FutureTask.java:266)
at java.util.concurrent.ThreadPoolExecutor.runWorker(ThreadPoolExecutor.java:1149)
at java.util.concurrent.ThreadPoolExecutor$Worker.run(ThreadPoolExecutor.java:624)
at java.lang.Thread.run(Thread.java:748)
]]>
            </full-stacktrace>
          </exception> <!-- java.lang.AssertionError -->
          <reporter-output>
          </reporter-output>
        </test-method> <!-- filterResultsBybaths -->
        <test-method status="PASS" signature="tearDown()[pri:0, instance:webTests.FilterResultsByPriceBedBath@37271612]" name="tearDown" is-config="true" duration-ms="61" started-at="2019-12-01T00:00:37Z" finished-at="2019-12-01T00:00:37Z">
          <reporter-output>
          </reporter-output>
        </test-method> <!-- tearDown -->
        <test-method status="PASS" signature="OnFailure(org.testng.ITestResult)[pri:0, instance:webTests.FilterResultsByPriceBedBath@37271612]" name="OnFailure" is-config="true" duration-ms="0" started-at="2019-12-01T00:00:37Z" finished-at="2019-12-01T00:00:37Z">
          <params>
            <param index="0">
              <value>
                <![CDATA[[TestResult name=filterResultsBybaths status=FAILURE method=FilterResultsByPriceBedBath.filterResultsBybaths(java.lang.String, java.lang.String)[pri:0, instance:webTests.FilterResultsByPriceBedBath@37271612] output={null}]]]>
              </value>
            </param>
          </params>
          <reporter-output>
          </reporter-output>
        </test-method> <!-- OnFailure -->
      </class> <!-- webTests.FilterResultsByPriceBedBath -->
    </test> <!-- CHROME-WEB-FILTERRESULTS-BY-PRICEBEDBATH -->
  </suite> <!-- CHROME-WEB-TESTS -->
</testng-results>
